mode: set
telemetry-pipeline/api/docs/docs.go:351.13,353.2 1 0
telemetry-pipeline/api/docs/docs.go:351.13,353.2 1 1
telemetry-pipeline/cmd/api-server/main.go:24.13,37.16 3 0
telemetry-pipeline/cmd/api-server/main.go:37.16,39.3 1 0
telemetry-pipeline/cmd/api-server/main.go:40.2,58.53 12 0
telemetry-pipeline/cmd/api-server/main.go:58.53,60.3 1 0
telemetry-pipeline/cmd/consumer/main.go:35.13,41.16 4 0
telemetry-pipeline/cmd/consumer/main.go:41.16,43.3 1 0
telemetry-pipeline/cmd/consumer/main.go:44.2,59.16 10 0
telemetry-pipeline/cmd/consumer/main.go:59.16,61.3 1 0
telemetry-pipeline/cmd/consumer/main.go:62.2,68.16 5 0
telemetry-pipeline/cmd/consumer/main.go:68.16,70.3 1 0
telemetry-pipeline/cmd/consumer/main.go:71.2,85.6 8 0
telemetry-pipeline/cmd/consumer/main.go:85.6,86.10 1 0
telemetry-pipeline/cmd/consumer/main.go:87.21,90.22 2 0
telemetry-pipeline/cmd/consumer/main.go:90.22,92.5 1 0
telemetry-pipeline/cmd/consumer/main.go:93.4,93.10 1 0
telemetry-pipeline/cmd/consumer/main.go:94.11,102.18 2 0
telemetry-pipeline/cmd/consumer/main.go:102.18,105.13 3 0
telemetry-pipeline/cmd/consumer/main.go:108.4,108.30 1 0
telemetry-pipeline/cmd/consumer/main.go:108.30,111.13 3 0
telemetry-pipeline/cmd/consumer/main.go:114.4,114.37 1 0
telemetry-pipeline/cmd/consumer/main.go:114.37,118.73 3 0
telemetry-pipeline/cmd/consumer/main.go:118.73,120.14 2 0
telemetry-pipeline/cmd/consumer/main.go:122.5,126.32 3 0
telemetry-pipeline/cmd/consumer/main.go:126.32,127.57 1 0
telemetry-pipeline/cmd/consumer/main.go:127.57,129.7 1 0
telemetry-pipeline/cmd/consumer/main.go:129.12,132.7 2 0
telemetry-pipeline/cmd/consumer/main.go:133.6,133.23 1 0
telemetry-pipeline/cmd/consumer/main.go:138.4,139.22 2 0
telemetry-pipeline/cmd/consumer/main.go:139.22,140.56 1 0
telemetry-pipeline/cmd/consumer/main.go:140.56,142.6 1 0
telemetry-pipeline/cmd/consumer/main.go:142.11,145.6 2 0
telemetry-pipeline/cmd/consumer/main.go:146.5,146.22 1 0
telemetry-pipeline/cmd/consumer/main.go:153.91,155.35 2 1
telemetry-pipeline/cmd/consumer/main.go:155.35,170.3 1 1
telemetry-pipeline/cmd/consumer/main.go:172.2,181.12 2 1
telemetry-pipeline/cmd/consumer/main.go:185.105,192.16 2 1
telemetry-pipeline/cmd/consumer/main.go:192.16,194.3 1 1
telemetry-pipeline/cmd/consumer/main.go:198.95,204.16 3 1
telemetry-pipeline/cmd/consumer/main.go:204.16,207.3 2 1
telemetry-pipeline/cmd/consumer/main.go:208.2,209.15 2 1
telemetry-pipeline/cmd/consumer/main.go:212.53,215.2 1 0
telemetry-pipeline/cmd/consumer/main.go:217.42,218.14 1 1
telemetry-pipeline/cmd/consumer/main.go:218.14,220.3 1 1
telemetry-pipeline/cmd/consumer/main.go:221.2,222.10 2 1
telemetry-pipeline/cmd/consumer/main.go:225.37,226.34 1 0
telemetry-pipeline/cmd/consumer/main.go:226.34,228.3 1 0
telemetry-pipeline/cmd/consumer/main.go:229.2,229.12 1 0
telemetry-pipeline/cmd/consumer/main.go:232.47,237.2 4 0
telemetry-pipeline/proto/mq.pb.go:46.58,50.2 3 0
telemetry-pipeline/proto/mq.pb.go:52.46,54.2 1 0
telemetry-pipeline/proto/mq.pb.go:56.69,58.2 1 0
telemetry-pipeline/proto/mq.pb.go:60.57,62.2 1 0
telemetry-pipeline/proto/mq.pb.go:64.63,66.2 1 0
telemetry-pipeline/proto/mq.pb.go:69.61,71.2 1 0
telemetry-pipeline/proto/mq.pb.go:83.27,88.2 4 0
telemetry-pipeline/proto/mq.pb.go:90.35,92.2 1 0
telemetry-pipeline/proto/mq.pb.go:94.33,94.34 0 0
telemetry-pipeline/proto/mq.pb.go:96.55,98.14 2 0
telemetry-pipeline/proto/mq.pb.go:98.14,100.34 2 0
telemetry-pipeline/proto/mq.pb.go:100.34,102.4 1 0
telemetry-pipeline/proto/mq.pb.go:103.3,103.12 1 0
telemetry-pipeline/proto/mq.pb.go:105.2,105.24 1 0
telemetry-pipeline/proto/mq.pb.go:109.46,111.2 1 0
telemetry-pipeline/proto/mq.pb.go:113.35,114.14 1 0
telemetry-pipeline/proto/mq.pb.go:114.14,116.3 1 0
telemetry-pipeline/proto/mq.pb.go:117.2,117.12 1 0
telemetry-pipeline/proto/mq.pb.go:120.37,121.14 1 0
telemetry-pipeline/proto/mq.pb.go:121.14,123.3 1 0
telemetry-pipeline/proto/mq.pb.go:124.2,124.12 1 0
telemetry-pipeline/proto/mq.pb.go:127.42,128.14 1 0
telemetry-pipeline/proto/mq.pb.go:128.14,130.3 1 0
telemetry-pipeline/proto/mq.pb.go:131.2,131.10 1 0
telemetry-pipeline/proto/mq.pb.go:134.50,135.14 1 0
telemetry-pipeline/proto/mq.pb.go:135.14,137.3 1 0
telemetry-pipeline/proto/mq.pb.go:138.2,138.12 1 0
telemetry-pipeline/proto/mq.pb.go:151.34,156.2 4 0
telemetry-pipeline/proto/mq.pb.go:158.42,160.2 1 0
telemetry-pipeline/proto/mq.pb.go:162.40,162.41 0 0
telemetry-pipeline/proto/mq.pb.go:164.62,166.14 2 0
telemetry-pipeline/proto/mq.pb.go:166.14,168.34 2 0
telemetry-pipeline/proto/mq.pb.go:168.34,170.4 1 0
telemetry-pipeline/proto/mq.pb.go:171.3,171.12 1 0
telemetry-pipeline/proto/mq.pb.go:173.2,173.24 1 0
telemetry-pipeline/proto/mq.pb.go:177.53,179.2 1 0
telemetry-pipeline/proto/mq.pb.go:181.44,182.14 1 0
telemetry-pipeline/proto/mq.pb.go:182.14,184.3 1 0
telemetry-pipeline/proto/mq.pb.go:185.2,185.11 1 0
telemetry-pipeline/proto/mq.pb.go:188.47,189.14 1 0
telemetry-pipeline/proto/mq.pb.go:189.14,191.3 1 0
telemetry-pipeline/proto/mq.pb.go:192.2,192.10 1 0
telemetry-pipeline/proto/mq.pb.go:195.51,196.14 1 0
telemetry-pipeline/proto/mq.pb.go:196.14,198.3 1 0
telemetry-pipeline/proto/mq.pb.go:199.2,199.12 1 0
telemetry-pipeline/proto/mq.pb.go:202.56,203.14 1 0
telemetry-pipeline/proto/mq.pb.go:203.14,205.3 1 0
telemetry-pipeline/proto/mq.pb.go:206.2,206.28 1 0
telemetry-pipeline/proto/mq.pb.go:217.35,222.2 4 0
telemetry-pipeline/proto/mq.pb.go:224.43,226.2 1 0
telemetry-pipeline/proto/mq.pb.go:228.41,228.42 0 0
telemetry-pipeline/proto/mq.pb.go:230.63,232.14 2 0
telemetry-pipeline/proto/mq.pb.go:232.14,234.34 2 0
telemetry-pipeline/proto/mq.pb.go:234.34,236.4 1 0
telemetry-pipeline/proto/mq.pb.go:237.3,237.12 1 0
telemetry-pipeline/proto/mq.pb.go:239.2,239.24 1 0
telemetry-pipeline/proto/mq.pb.go:243.54,245.2 1 0
telemetry-pipeline/proto/mq.pb.go:247.48,248.14 1 0
telemetry-pipeline/proto/mq.pb.go:248.14,250.3 1 0
telemetry-pipeline/proto/mq.pb.go:251.2,251.10 1 0
telemetry-pipeline/proto/mq.pb.go:254.48,255.14 1 0
telemetry-pipeline/proto/mq.pb.go:255.14,257.3 1 0
telemetry-pipeline/proto/mq.pb.go:258.2,258.12 1 0
telemetry-pipeline/proto/mq.pb.go:273.32,278.2 4 0
telemetry-pipeline/proto/mq.pb.go:280.40,282.2 1 0
telemetry-pipeline/proto/mq.pb.go:284.38,284.39 0 0
telemetry-pipeline/proto/mq.pb.go:286.60,288.14 2 0
telemetry-pipeline/proto/mq.pb.go:288.14,290.34 2 0
telemetry-pipeline/proto/mq.pb.go:290.34,292.4 1 0
telemetry-pipeline/proto/mq.pb.go:293.3,293.12 1 0
telemetry-pipeline/proto/mq.pb.go:295.2,295.24 1 0
telemetry-pipeline/proto/mq.pb.go:299.51,301.2 1 0
telemetry-pipeline/proto/mq.pb.go:303.42,304.14 1 0
telemetry-pipeline/proto/mq.pb.go:304.14,306.3 1 0
telemetry-pipeline/proto/mq.pb.go:307.2,307.11 1 0
telemetry-pipeline/proto/mq.pb.go:310.45,311.14 1 0
telemetry-pipeline/proto/mq.pb.go:311.14,313.3 1 0
telemetry-pipeline/proto/mq.pb.go:314.2,314.10 1 0
telemetry-pipeline/proto/mq.pb.go:317.42,318.14 1 0
telemetry-pipeline/proto/mq.pb.go:318.14,320.3 1 0
telemetry-pipeline/proto/mq.pb.go:321.2,321.10 1 0
telemetry-pipeline/proto/mq.pb.go:324.47,325.14 1 0
telemetry-pipeline/proto/mq.pb.go:325.14,327.3 1 0
telemetry-pipeline/proto/mq.pb.go:328.2,328.10 1 0
telemetry-pipeline/proto/mq.pb.go:331.44,332.14 1 0
telemetry-pipeline/proto/mq.pb.go:332.14,334.3 1 0
telemetry-pipeline/proto/mq.pb.go:335.2,335.10 1 0
telemetry-pipeline/proto/mq.pb.go:338.42,339.14 1 0
telemetry-pipeline/proto/mq.pb.go:339.14,341.3 1 0
telemetry-pipeline/proto/mq.pb.go:342.2,342.10 1 0
telemetry-pipeline/proto/mq.pb.go:353.34,358.2 4 0
telemetry-pipeline/proto/mq.pb.go:360.42,362.2 1 0
telemetry-pipeline/proto/mq.pb.go:364.40,364.41 0 0
telemetry-pipeline/proto/mq.pb.go:366.62,368.14 2 0
telemetry-pipeline/proto/mq.pb.go:368.14,370.34 2 0
telemetry-pipeline/proto/mq.pb.go:370.34,372.4 1 0
telemetry-pipeline/proto/mq.pb.go:373.3,373.12 1 0
telemetry-pipeline/proto/mq.pb.go:375.2,375.24 1 0
telemetry-pipeline/proto/mq.pb.go:379.53,381.2 1 0
telemetry-pipeline/proto/mq.pb.go:383.44,384.14 1 0
telemetry-pipeline/proto/mq.pb.go:384.14,386.3 1 0
telemetry-pipeline/proto/mq.pb.go:387.2,387.10 1 0
telemetry-pipeline/proto/mq.pb.go:390.48,391.14 1 0
telemetry-pipeline/proto/mq.pb.go:391.14,393.3 1 0
telemetry-pipeline/proto/mq.pb.go:394.2,394.12 1 0
telemetry-pipeline/proto/mq.pb.go:405.33,410.2 4 0
telemetry-pipeline/proto/mq.pb.go:412.41,414.2 1 0
telemetry-pipeline/proto/mq.pb.go:416.39,416.40 0 0
telemetry-pipeline/proto/mq.pb.go:418.61,420.14 2 0
telemetry-pipeline/proto/mq.pb.go:420.14,422.34 2 0
telemetry-pipeline/proto/mq.pb.go:422.34,424.4 1 0
telemetry-pipeline/proto/mq.pb.go:425.3,425.12 1 0
telemetry-pipeline/proto/mq.pb.go:427.2,427.24 1 0
telemetry-pipeline/proto/mq.pb.go:431.52,433.2 1 0
telemetry-pipeline/proto/mq.pb.go:435.56,436.14 1 0
telemetry-pipeline/proto/mq.pb.go:436.14,438.3 1 0
telemetry-pipeline/proto/mq.pb.go:439.2,439.12 1 0
telemetry-pipeline/proto/mq.pb.go:442.50,443.14 1 0
telemetry-pipeline/proto/mq.pb.go:443.14,445.3 1 0
telemetry-pipeline/proto/mq.pb.go:446.2,446.10 1 0
telemetry-pipeline/proto/mq.pb.go:458.26,463.2 4 0
telemetry-pipeline/proto/mq.pb.go:465.34,467.2 1 0
telemetry-pipeline/proto/mq.pb.go:469.32,469.33 0 0
telemetry-pipeline/proto/mq.pb.go:471.54,473.14 2 0
telemetry-pipeline/proto/mq.pb.go:473.14,475.34 2 0
telemetry-pipeline/proto/mq.pb.go:475.34,477.4 1 0
telemetry-pipeline/proto/mq.pb.go:478.3,478.12 1 0
telemetry-pipeline/proto/mq.pb.go:480.2,480.24 1 0
telemetry-pipeline/proto/mq.pb.go:484.45,486.2 1 0
telemetry-pipeline/proto/mq.pb.go:488.33,489.14 1 0
telemetry-pipeline/proto/mq.pb.go:489.14,491.3 1 0
telemetry-pipeline/proto/mq.pb.go:492.2,492.11 1 0
telemetry-pipeline/proto/mq.pb.go:495.35,496.14 1 0
telemetry-pipeline/proto/mq.pb.go:496.14,498.3 1 0
telemetry-pipeline/proto/mq.pb.go:499.2,499.11 1 0
telemetry-pipeline/proto/mq.pb.go:502.34,503.14 1 0
telemetry-pipeline/proto/mq.pb.go:503.14,505.3 1 0
telemetry-pipeline/proto/mq.pb.go:506.2,506.10 1 0
telemetry-pipeline/proto/mq.pb.go:519.38,524.2 4 0
telemetry-pipeline/proto/mq.pb.go:526.46,528.2 1 0
telemetry-pipeline/proto/mq.pb.go:530.44,530.45 0 0
telemetry-pipeline/proto/mq.pb.go:532.66,534.14 2 0
telemetry-pipeline/proto/mq.pb.go:534.14,536.34 2 0
telemetry-pipeline/proto/mq.pb.go:536.34,538.4 1 0
telemetry-pipeline/proto/mq.pb.go:539.3,539.12 1 0
telemetry-pipeline/proto/mq.pb.go:541.2,541.24 1 0
telemetry-pipeline/proto/mq.pb.go:545.57,547.2 1 0
telemetry-pipeline/proto/mq.pb.go:549.48,550.14 1 0
telemetry-pipeline/proto/mq.pb.go:550.14,552.3 1 0
telemetry-pipeline/proto/mq.pb.go:553.2,553.11 1 0
telemetry-pipeline/proto/mq.pb.go:556.51,557.14 1 0
telemetry-pipeline/proto/mq.pb.go:557.14,559.3 1 0
telemetry-pipeline/proto/mq.pb.go:560.2,560.10 1 0
telemetry-pipeline/proto/mq.pb.go:563.49,564.14 1 0
telemetry-pipeline/proto/mq.pb.go:564.14,566.3 1 0
telemetry-pipeline/proto/mq.pb.go:567.2,567.11 1 0
telemetry-pipeline/proto/mq.pb.go:570.48,571.14 1 0
telemetry-pipeline/proto/mq.pb.go:571.14,573.3 1 0
telemetry-pipeline/proto/mq.pb.go:574.2,574.12 1 0
telemetry-pipeline/proto/mq.pb.go:584.35,589.2 4 0
telemetry-pipeline/proto/mq.pb.go:591.43,593.2 1 0
telemetry-pipeline/proto/mq.pb.go:595.41,595.42 0 0
telemetry-pipeline/proto/mq.pb.go:597.63,599.14 2 0
telemetry-pipeline/proto/mq.pb.go:599.14,601.34 2 0
telemetry-pipeline/proto/mq.pb.go:601.34,603.4 1 0
telemetry-pipeline/proto/mq.pb.go:604.3,604.12 1 0
telemetry-pipeline/proto/mq.pb.go:606.2,606.24 1 0
telemetry-pipeline/proto/mq.pb.go:610.54,612.2 1 0
telemetry-pipeline/proto/mq.pb.go:614.48,615.14 1 0
telemetry-pipeline/proto/mq.pb.go:615.14,617.3 1 0
telemetry-pipeline/proto/mq.pb.go:618.2,618.12 1 0
telemetry-pipeline/proto/mq.pb.go:629.36,634.2 4 0
telemetry-pipeline/proto/mq.pb.go:636.44,638.2 1 0
telemetry-pipeline/proto/mq.pb.go:640.42,640.43 0 0
telemetry-pipeline/proto/mq.pb.go:642.64,644.14 2 0
telemetry-pipeline/proto/mq.pb.go:644.14,646.34 2 0
telemetry-pipeline/proto/mq.pb.go:646.34,648.4 1 0
telemetry-pipeline/proto/mq.pb.go:649.3,649.12 1 0
telemetry-pipeline/proto/mq.pb.go:651.2,651.24 1 0
telemetry-pipeline/proto/mq.pb.go:655.55,657.2 1 0
telemetry-pipeline/proto/mq.pb.go:659.66,660.14 1 0
telemetry-pipeline/proto/mq.pb.go:660.14,662.3 1 0
telemetry-pipeline/proto/mq.pb.go:663.2,663.12 1 0
telemetry-pipeline/proto/mq.pb.go:666.51,667.14 1 0
telemetry-pipeline/proto/mq.pb.go:667.14,669.3 1 0
telemetry-pipeline/proto/mq.pb.go:670.2,670.12 1 0
telemetry-pipeline/proto/mq.pb.go:682.38,687.2 4 0
telemetry-pipeline/proto/mq.pb.go:689.46,691.2 1 0
telemetry-pipeline/proto/mq.pb.go:693.44,693.45 0 0
telemetry-pipeline/proto/mq.pb.go:695.66,697.14 2 0
telemetry-pipeline/proto/mq.pb.go:697.14,699.34 2 0
telemetry-pipeline/proto/mq.pb.go:699.34,701.4 1 0
telemetry-pipeline/proto/mq.pb.go:702.3,702.12 1 0
telemetry-pipeline/proto/mq.pb.go:704.2,704.24 1 0
telemetry-pipeline/proto/mq.pb.go:708.57,710.2 1 0
telemetry-pipeline/proto/mq.pb.go:712.48,713.14 1 0
telemetry-pipeline/proto/mq.pb.go:713.14,715.3 1 0
telemetry-pipeline/proto/mq.pb.go:716.2,716.11 1 0
telemetry-pipeline/proto/mq.pb.go:719.52,720.14 1 0
telemetry-pipeline/proto/mq.pb.go:720.14,722.3 1 0
telemetry-pipeline/proto/mq.pb.go:723.2,723.10 1 0
telemetry-pipeline/proto/mq.pb.go:726.44,727.14 1 0
telemetry-pipeline/proto/mq.pb.go:727.14,729.3 1 0
telemetry-pipeline/proto/mq.pb.go:730.2,730.10 1 0
telemetry-pipeline/proto/mq.pb.go:739.39,744.2 4 0
telemetry-pipeline/proto/mq.pb.go:746.47,748.2 1 0
telemetry-pipeline/proto/mq.pb.go:750.45,750.46 0 0
telemetry-pipeline/proto/mq.pb.go:752.67,754.14 2 0
telemetry-pipeline/proto/mq.pb.go:754.14,756.34 2 0
telemetry-pipeline/proto/mq.pb.go:756.34,758.4 1 0
telemetry-pipeline/proto/mq.pb.go:759.3,759.12 1 0
telemetry-pipeline/proto/mq.pb.go:761.2,761.24 1 0
telemetry-pipeline/proto/mq.pb.go:765.58,767.2 1 0
telemetry-pipeline/proto/mq.pb.go:776.38,781.2 4 0
telemetry-pipeline/proto/mq.pb.go:783.46,785.2 1 0
telemetry-pipeline/proto/mq.pb.go:787.44,787.45 0 0
telemetry-pipeline/proto/mq.pb.go:789.66,791.14 2 0
telemetry-pipeline/proto/mq.pb.go:791.14,793.34 2 0
telemetry-pipeline/proto/mq.pb.go:793.34,795.4 1 0
telemetry-pipeline/proto/mq.pb.go:796.3,796.12 1 0
telemetry-pipeline/proto/mq.pb.go:798.2,798.24 1 0
telemetry-pipeline/proto/mq.pb.go:802.57,804.2 1 0
telemetry-pipeline/proto/mq.pb.go:806.48,807.14 1 0
telemetry-pipeline/proto/mq.pb.go:807.14,809.3 1 0
telemetry-pipeline/proto/mq.pb.go:810.2,810.11 1 0
telemetry-pipeline/proto/mq.pb.go:819.39,824.2 4 0
telemetry-pipeline/proto/mq.pb.go:826.47,828.2 1 0
telemetry-pipeline/proto/mq.pb.go:830.45,830.46 0 0
telemetry-pipeline/proto/mq.pb.go:832.67,834.14 2 0
telemetry-pipeline/proto/mq.pb.go:834.14,836.34 2 0
telemetry-pipeline/proto/mq.pb.go:836.34,838.4 1 0
telemetry-pipeline/proto/mq.pb.go:839.3,839.12 1 0
telemetry-pipeline/proto/mq.pb.go:841.2,841.24 1 0
telemetry-pipeline/proto/mq.pb.go:845.58,847.2 1 0
telemetry-pipeline/proto/mq.pb.go:859.40,864.2 4 0
telemetry-pipeline/proto/mq.pb.go:866.48,868.2 1 0
telemetry-pipeline/proto/mq.pb.go:870.46,870.47 0 0
telemetry-pipeline/proto/mq.pb.go:872.68,874.14 2 0
telemetry-pipeline/proto/mq.pb.go:874.14,876.34 2 0
telemetry-pipeline/proto/mq.pb.go:876.34,878.4 1 0
telemetry-pipeline/proto/mq.pb.go:879.3,879.12 1 0
telemetry-pipeline/proto/mq.pb.go:881.2,881.24 1 0
telemetry-pipeline/proto/mq.pb.go:885.59,887.2 1 0
telemetry-pipeline/proto/mq.pb.go:889.52,890.14 1 0
telemetry-pipeline/proto/mq.pb.go:890.14,892.3 1 0
telemetry-pipeline/proto/mq.pb.go:893.2,893.11 1 0
telemetry-pipeline/proto/mq.pb.go:896.50,897.14 1 0
telemetry-pipeline/proto/mq.pb.go:897.14,899.3 1 0
telemetry-pipeline/proto/mq.pb.go:900.2,900.11 1 0
telemetry-pipeline/proto/mq.pb.go:903.53,904.14 1 0
telemetry-pipeline/proto/mq.pb.go:904.14,906.3 1 0
telemetry-pipeline/proto/mq.pb.go:907.2,907.10 1 0
telemetry-pipeline/proto/mq.pb.go:910.50,911.14 1 0
telemetry-pipeline/proto/mq.pb.go:911.14,913.3 1 0
telemetry-pipeline/proto/mq.pb.go:914.2,914.10 1 0
telemetry-pipeline/proto/mq.pb.go:923.41,928.2 4 0
telemetry-pipeline/proto/mq.pb.go:930.49,932.2 1 0
telemetry-pipeline/proto/mq.pb.go:934.47,934.48 0 0
telemetry-pipeline/proto/mq.pb.go:936.69,938.14 2 0
telemetry-pipeline/proto/mq.pb.go:938.14,940.34 2 0
telemetry-pipeline/proto/mq.pb.go:940.34,942.4 1 0
telemetry-pipeline/proto/mq.pb.go:943.3,943.12 1 0
telemetry-pipeline/proto/mq.pb.go:945.2,945.24 1 0
telemetry-pipeline/proto/mq.pb.go:949.60,951.2 1 0
telemetry-pipeline/proto/mq.pb.go:961.39,966.2 4 0
telemetry-pipeline/proto/mq.pb.go:968.47,970.2 1 0
telemetry-pipeline/proto/mq.pb.go:972.45,972.46 0 0
telemetry-pipeline/proto/mq.pb.go:974.67,976.14 2 0
telemetry-pipeline/proto/mq.pb.go:976.14,978.34 2 0
telemetry-pipeline/proto/mq.pb.go:978.34,980.4 1 0
telemetry-pipeline/proto/mq.pb.go:981.3,981.12 1 0
telemetry-pipeline/proto/mq.pb.go:983.2,983.24 1 0
telemetry-pipeline/proto/mq.pb.go:987.58,989.2 1 0
telemetry-pipeline/proto/mq.pb.go:991.51,992.14 1 0
telemetry-pipeline/proto/mq.pb.go:992.14,994.3 1 0
telemetry-pipeline/proto/mq.pb.go:995.2,995.11 1 0
telemetry-pipeline/proto/mq.pb.go:998.49,999.14 1 0
telemetry-pipeline/proto/mq.pb.go:999.14,1001.3 1 0
telemetry-pipeline/proto/mq.pb.go:1002.2,1002.11 1 0
telemetry-pipeline/proto/mq.pb.go:1012.40,1017.2 4 0
telemetry-pipeline/proto/mq.pb.go:1019.48,1021.2 1 0
telemetry-pipeline/proto/mq.pb.go:1023.46,1023.47 0 0
telemetry-pipeline/proto/mq.pb.go:1025.68,1027.14 2 0
telemetry-pipeline/proto/mq.pb.go:1027.14,1029.34 2 0
telemetry-pipeline/proto/mq.pb.go:1029.34,1031.4 1 0
telemetry-pipeline/proto/mq.pb.go:1032.3,1032.12 1 0
telemetry-pipeline/proto/mq.pb.go:1034.2,1034.24 1 0
telemetry-pipeline/proto/mq.pb.go:1038.59,1040.2 1 0
telemetry-pipeline/proto/mq.pb.go:1042.60,1043.14 1 0
telemetry-pipeline/proto/mq.pb.go:1043.14,1045.3 1 0
telemetry-pipeline/proto/mq.pb.go:1046.2,1046.12 1 0
telemetry-pipeline/proto/mq.pb.go:1057.31,1062.2 4 0
telemetry-pipeline/proto/mq.pb.go:1064.39,1066.2 1 0
telemetry-pipeline/proto/mq.pb.go:1068.37,1068.38 0 0
telemetry-pipeline/proto/mq.pb.go:1070.59,1072.14 2 0
telemetry-pipeline/proto/mq.pb.go:1072.14,1074.34 2 0
telemetry-pipeline/proto/mq.pb.go:1074.34,1076.4 1 0
telemetry-pipeline/proto/mq.pb.go:1077.3,1077.12 1 0
telemetry-pipeline/proto/mq.pb.go:1079.2,1079.24 1 0
telemetry-pipeline/proto/mq.pb.go:1083.50,1085.2 1 0
telemetry-pipeline/proto/mq.pb.go:1087.44,1088.14 1 0
telemetry-pipeline/proto/mq.pb.go:1088.14,1090.3 1 0
telemetry-pipeline/proto/mq.pb.go:1091.2,1091.10 1 0
telemetry-pipeline/proto/mq.pb.go:1094.41,1095.14 1 0
telemetry-pipeline/proto/mq.pb.go:1095.14,1097.3 1 0
telemetry-pipeline/proto/mq.pb.go:1098.2,1098.10 1 0
telemetry-pipeline/proto/mq.pb.go:1112.36,1117.2 4 0
telemetry-pipeline/proto/mq.pb.go:1119.44,1121.2 1 0
telemetry-pipeline/proto/mq.pb.go:1123.42,1123.43 0 0
telemetry-pipeline/proto/mq.pb.go:1125.64,1127.14 2 0
telemetry-pipeline/proto/mq.pb.go:1127.14,1129.34 2 0
telemetry-pipeline/proto/mq.pb.go:1129.34,1131.4 1 0
telemetry-pipeline/proto/mq.pb.go:1132.3,1132.12 1 0
telemetry-pipeline/proto/mq.pb.go:1134.2,1134.24 1 0
telemetry-pipeline/proto/mq.pb.go:1138.55,1140.2 1 0
telemetry-pipeline/proto/mq.pb.go:1142.46,1143.14 1 0
telemetry-pipeline/proto/mq.pb.go:1143.14,1145.3 1 0
telemetry-pipeline/proto/mq.pb.go:1146.2,1146.11 1 0
telemetry-pipeline/proto/mq.pb.go:1149.49,1150.14 1 0
telemetry-pipeline/proto/mq.pb.go:1150.14,1152.3 1 0
telemetry-pipeline/proto/mq.pb.go:1153.2,1153.10 1 0
telemetry-pipeline/proto/mq.pb.go:1156.50,1157.14 1 0
telemetry-pipeline/proto/mq.pb.go:1157.14,1159.3 1 0
telemetry-pipeline/proto/mq.pb.go:1160.2,1160.10 1 0
telemetry-pipeline/proto/mq.pb.go:1163.53,1164.14 1 0
telemetry-pipeline/proto/mq.pb.go:1164.14,1166.3 1 0
telemetry-pipeline/proto/mq.pb.go:1167.2,1167.12 1 0
telemetry-pipeline/proto/mq.pb.go:1170.51,1171.14 1 0
telemetry-pipeline/proto/mq.pb.go:1171.14,1173.3 1 0
telemetry-pipeline/proto/mq.pb.go:1174.2,1174.10 1 0
telemetry-pipeline/proto/mq.pb.go:1184.37,1189.2 4 0
telemetry-pipeline/proto/mq.pb.go:1191.45,1193.2 1 0
telemetry-pipeline/proto/mq.pb.go:1195.43,1195.44 0 0
telemetry-pipeline/proto/mq.pb.go:1197.65,1199.14 2 0
telemetry-pipeline/proto/mq.pb.go:1199.14,1201.34 2 0
telemetry-pipeline/proto/mq.pb.go:1201.34,1203.4 1 0
telemetry-pipeline/proto/mq.pb.go:1204.3,1204.12 1 0
telemetry-pipeline/proto/mq.pb.go:1206.2,1206.24 1 0
telemetry-pipeline/proto/mq.pb.go:1210.56,1212.2 1 0
telemetry-pipeline/proto/mq.pb.go:1214.51,1215.14 1 0
telemetry-pipeline/proto/mq.pb.go:1215.14,1217.3 1 0
telemetry-pipeline/proto/mq.pb.go:1218.2,1218.10 1 0
telemetry-pipeline/proto/mq.pb.go:1328.47,1329.44 1 0
telemetry-pipeline/proto/mq.pb.go:1329.44,1331.3 1 0
telemetry-pipeline/proto/mq.pb.go:1332.2,1332.40 1 0
telemetry-pipeline/proto/mq.pb.go:1395.13,1395.43 1 1
telemetry-pipeline/proto/mq.pb.go:1396.33,1397.32 1 1
telemetry-pipeline/proto/mq.pb.go:1397.32,1399.3 1 0
telemetry-pipeline/proto/mq.pb.go:1400.2,1417.35 5 1
telemetry-pipeline/proto/mq_grpc.pb.go:50.56,52.2 1 0
telemetry-pipeline/proto/mq_grpc.pb.go:54.120,58.16 4 0
telemetry-pipeline/proto/mq_grpc.pb.go:58.16,60.3 1 0
telemetry-pipeline/proto/mq_grpc.pb.go:61.2,61.17 1 0
telemetry-pipeline/proto/mq_grpc.pb.go:64.114,68.16 4 0
telemetry-pipeline/proto/mq_grpc.pb.go:68.16,70.3 1 0
telemetry-pipeline/proto/mq_grpc.pb.go:71.2,71.17 1 0
telemetry-pipeline/proto/mq_grpc.pb.go:74.123,78.16 4 0
telemetry-pipeline/proto/mq_grpc.pb.go:78.16,80.3 1 0
telemetry-pipeline/proto/mq_grpc.pb.go:81.2,81.17 1 0
telemetry-pipeline/proto/mq_grpc.pb.go:84.132,88.16 4 0
telemetry-pipeline/proto/mq_grpc.pb.go:88.16,90.3 1 0
telemetry-pipeline/proto/mq_grpc.pb.go:91.2,91.17 1 0
telemetry-pipeline/proto/mq_grpc.pb.go:94.132,98.16 4 0
telemetry-pipeline/proto/mq_grpc.pb.go:98.16,100.3 1 0
telemetry-pipeline/proto/mq_grpc.pb.go:101.2,101.17 1 0
telemetry-pipeline/proto/mq_grpc.pb.go:104.138,108.16 4 0
telemetry-pipeline/proto/mq_grpc.pb.go:108.16,110.3 1 0
telemetry-pipeline/proto/mq_grpc.pb.go:111.2,111.17 1 0
telemetry-pipeline/proto/mq_grpc.pb.go:114.135,118.16 4 0
telemetry-pipeline/proto/mq_grpc.pb.go:118.16,120.3 1 0
telemetry-pipeline/proto/mq_grpc.pb.go:121.2,121.17 1 0
telemetry-pipeline/proto/mq_grpc.pb.go:147.98,149.2 1 0
telemetry-pipeline/proto/mq_grpc.pb.go:150.92,152.2 1 0
telemetry-pipeline/proto/mq_grpc.pb.go:153.101,155.2 1 0
telemetry-pipeline/proto/mq_grpc.pb.go:156.110,158.2 1 0
telemetry-pipeline/proto/mq_grpc.pb.go:159.110,161.2 1 0
telemetry-pipeline/proto/mq_grpc.pb.go:162.116,164.2 1 0
telemetry-pipeline/proto/mq_grpc.pb.go:165.113,167.2 1 0
telemetry-pipeline/proto/mq_grpc.pb.go:168.64,168.65 0 0
telemetry-pipeline/proto/mq_grpc.pb.go:169.64,169.65 0 0
telemetry-pipeline/proto/mq_grpc.pb.go:178.62,183.59 1 0
telemetry-pipeline/proto/mq_grpc.pb.go:183.59,185.3 1 0
telemetry-pipeline/proto/mq_grpc.pb.go:186.2,186.41 1 0
telemetry-pipeline/proto/mq_grpc.pb.go:189.155,191.32 2 0
telemetry-pipeline/proto/mq_grpc.pb.go:191.32,193.3 1 0
telemetry-pipeline/proto/mq_grpc.pb.go:194.2,194.24 1 0
telemetry-pipeline/proto/mq_grpc.pb.go:194.24,196.3 1 0
telemetry-pipeline/proto/mq_grpc.pb.go:197.2,201.77 2 0
telemetry-pipeline/proto/mq_grpc.pb.go:201.77,203.3 1 0
telemetry-pipeline/proto/mq_grpc.pb.go:204.2,204.44 1 0
telemetry-pipeline/proto/mq_grpc.pb.go:207.153,209.32 2 0
telemetry-pipeline/proto/mq_grpc.pb.go:209.32,211.3 1 0
telemetry-pipeline/proto/mq_grpc.pb.go:212.2,212.24 1 0
telemetry-pipeline/proto/mq_grpc.pb.go:212.24,214.3 1 0
telemetry-pipeline/proto/mq_grpc.pb.go:215.2,219.77 2 0
telemetry-pipeline/proto/mq_grpc.pb.go:219.77,221.3 1 0
telemetry-pipeline/proto/mq_grpc.pb.go:222.2,222.44 1 0
telemetry-pipeline/proto/mq_grpc.pb.go:225.156,227.32 2 0
telemetry-pipeline/proto/mq_grpc.pb.go:227.32,229.3 1 0
telemetry-pipeline/proto/mq_grpc.pb.go:230.2,230.24 1 0
telemetry-pipeline/proto/mq_grpc.pb.go:230.24,232.3 1 0
telemetry-pipeline/proto/mq_grpc.pb.go:233.2,237.77 2 0
telemetry-pipeline/proto/mq_grpc.pb.go:237.77,239.3 1 0
telemetry-pipeline/proto/mq_grpc.pb.go:240.2,240.44 1 0
telemetry-pipeline/proto/mq_grpc.pb.go:243.159,245.32 2 0
telemetry-pipeline/proto/mq_grpc.pb.go:245.32,247.3 1 0
telemetry-pipeline/proto/mq_grpc.pb.go:248.2,248.24 1 0
telemetry-pipeline/proto/mq_grpc.pb.go:248.24,250.3 1 0
telemetry-pipeline/proto/mq_grpc.pb.go:251.2,255.77 2 0
telemetry-pipeline/proto/mq_grpc.pb.go:255.77,257.3 1 0
telemetry-pipeline/proto/mq_grpc.pb.go:258.2,258.44 1 0
telemetry-pipeline/proto/mq_grpc.pb.go:261.159,263.32 2 0
telemetry-pipeline/proto/mq_grpc.pb.go:263.32,265.3 1 0
telemetry-pipeline/proto/mq_grpc.pb.go:266.2,266.24 1 0
telemetry-pipeline/proto/mq_grpc.pb.go:266.24,268.3 1 0
telemetry-pipeline/proto/mq_grpc.pb.go:269.2,273.77 2 0
telemetry-pipeline/proto/mq_grpc.pb.go:273.77,275.3 1 0
telemetry-pipeline/proto/mq_grpc.pb.go:276.2,276.44 1 0
telemetry-pipeline/proto/mq_grpc.pb.go:279.161,281.32 2 0
telemetry-pipeline/proto/mq_grpc.pb.go:281.32,283.3 1 0
telemetry-pipeline/proto/mq_grpc.pb.go:284.2,284.24 1 0
telemetry-pipeline/proto/mq_grpc.pb.go:284.24,286.3 1 0
telemetry-pipeline/proto/mq_grpc.pb.go:287.2,291.77 2 0
telemetry-pipeline/proto/mq_grpc.pb.go:291.77,293.3 1 0
telemetry-pipeline/proto/mq_grpc.pb.go:294.2,294.44 1 0
telemetry-pipeline/proto/mq_grpc.pb.go:297.160,299.32 2 0
telemetry-pipeline/proto/mq_grpc.pb.go:299.32,301.3 1 0
telemetry-pipeline/proto/mq_grpc.pb.go:302.2,302.24 1 0
telemetry-pipeline/proto/mq_grpc.pb.go:302.24,304.3 1 0
telemetry-pipeline/proto/mq_grpc.pb.go:305.2,309.77 2 0
telemetry-pipeline/proto/mq_grpc.pb.go:309.77,311.3 1 0
telemetry-pipeline/proto/mq_grpc.pb.go:312.2,312.44 1 0
telemetry-pipeline/proto/mq_grpc.pb.go:372.72,374.2 1 0
telemetry-pipeline/proto/mq_grpc.pb.go:376.131,380.16 4 0
telemetry-pipeline/proto/mq_grpc.pb.go:380.16,382.3 1 0
telemetry-pipeline/proto/mq_grpc.pb.go:383.2,383.17 1 0
telemetry-pipeline/proto/mq_grpc.pb.go:403.109,405.2 1 0
telemetry-pipeline/proto/mq_grpc.pb.go:406.80,406.81 0 0
telemetry-pipeline/proto/mq_grpc.pb.go:407.80,407.81 0 0
telemetry-pipeline/proto/mq_grpc.pb.go:416.78,421.59 1 0
telemetry-pipeline/proto/mq_grpc.pb.go:421.59,423.3 1 0
telemetry-pipeline/proto/mq_grpc.pb.go:424.2,424.49 1 0
telemetry-pipeline/proto/mq_grpc.pb.go:427.162,429.32 2 0
telemetry-pipeline/proto/mq_grpc.pb.go:429.32,431.3 1 0
telemetry-pipeline/proto/mq_grpc.pb.go:432.2,432.24 1 0
telemetry-pipeline/proto/mq_grpc.pb.go:432.24,434.3 1 0
telemetry-pipeline/proto/mq_grpc.pb.go:435.2,439.77 2 0
telemetry-pipeline/proto/mq_grpc.pb.go:439.77,441.3 1 0
telemetry-pipeline/proto/mq_grpc.pb.go:442.2,442.44 1 0
telemetry-pipeline/cmd/producer/main.go:28.13,49.48 12 0
telemetry-pipeline/cmd/producer/main.go:49.48,50.13 1 0
telemetry-pipeline/cmd/producer/main.go:50.13,52.89 2 0
telemetry-pipeline/cmd/producer/main.go:52.89,54.5 1 0
telemetry-pipeline/cmd/producer/main.go:56.8,58.3 1 0
telemetry-pipeline/cmd/producer/main.go:60.2,60.6 1 0
telemetry-pipeline/cmd/producer/main.go:60.6,61.10 1 0
telemetry-pipeline/cmd/producer/main.go:62.19,63.51 1 0
telemetry-pipeline/cmd/producer/main.go:63.51,65.13 2 0
telemetry-pipeline/cmd/producer/main.go:67.4,67.14 1 0
telemetry-pipeline/cmd/producer/main.go:67.14,69.90 2 0
telemetry-pipeline/cmd/producer/main.go:69.90,71.6 1 0
telemetry-pipeline/cmd/producer/main.go:77.93,79.16 2 1
telemetry-pipeline/cmd/producer/main.go:79.16,81.3 1 1
telemetry-pipeline/cmd/producer/main.go:82.2,88.16 4 1
telemetry-pipeline/cmd/producer/main.go:88.16,90.3 1 0
telemetry-pipeline/cmd/producer/main.go:91.2,92.28 2 1
telemetry-pipeline/cmd/producer/main.go:92.28,94.3 1 1
telemetry-pipeline/cmd/producer/main.go:97.2,100.6 3 1
telemetry-pipeline/cmd/producer/main.go:100.6,102.20 2 1
telemetry-pipeline/cmd/producer/main.go:102.20,103.9 1 1
telemetry-pipeline/cmd/producer/main.go:105.3,105.17 1 1
telemetry-pipeline/cmd/producer/main.go:105.17,107.12 2 0
telemetry-pipeline/cmd/producer/main.go:109.3,127.17 4 1
telemetry-pipeline/cmd/producer/main.go:127.17,129.12 2 0
telemetry-pipeline/cmd/producer/main.go:132.3,139.30 3 1
telemetry-pipeline/cmd/producer/main.go:139.30,140.64 1 1
telemetry-pipeline/cmd/producer/main.go:140.64,143.5 1 0
telemetry-pipeline/cmd/producer/main.go:144.4,144.21 1 1
telemetry-pipeline/cmd/producer/main.go:149.2,149.20 1 1
telemetry-pipeline/cmd/producer/main.go:149.20,150.63 1 1
telemetry-pipeline/cmd/producer/main.go:150.63,153.4 2 1
telemetry-pipeline/cmd/producer/main.go:156.2,157.12 2 1
telemetry-pipeline/cmd/producer/main.go:160.88,162.16 2 1
telemetry-pipeline/cmd/producer/main.go:162.16,164.3 1 1
telemetry-pipeline/cmd/producer/main.go:166.2,166.12 1 1
telemetry-pipeline/cmd/producer/main.go:169.72,170.48 1 1
telemetry-pipeline/cmd/producer/main.go:170.48,172.3 1 1
telemetry-pipeline/cmd/producer/main.go:173.2,173.11 1 1
telemetry-pipeline/cmd/producer/main.go:176.37,177.34 1 0
telemetry-pipeline/cmd/producer/main.go:177.34,179.3 1 0
telemetry-pipeline/cmd/producer/main.go:180.2,180.12 1 0
telemetry-pipeline/cmd/producer/main.go:183.41,184.34 1 0
telemetry-pipeline/cmd/producer/main.go:184.34,185.44 1 0
telemetry-pipeline/cmd/producer/main.go:185.44,187.4 1 0
telemetry-pipeline/cmd/producer/main.go:189.2,189.12 1 0
telemetry-pipeline/cmd/producer/main.go:192.36,193.13 1 1
telemetry-pipeline/cmd/producer/main.go:193.13,195.3 1 0
telemetry-pipeline/cmd/producer/main.go:196.2,196.56 1 1
telemetry-pipeline/cmd/producer/main.go:196.56,198.3 1 1
telemetry-pipeline/cmd/producer/main.go:199.2,199.55 1 1
telemetry-pipeline/cmd/producer/main.go:199.55,201.3 1 1
telemetry-pipeline/cmd/producer/main.go:202.2,202.19 1 1
telemetry-pipeline/cmd/producer/main.go:205.29,208.2 2 1
telemetry-pipeline/cmd/producer/main.go:210.35,213.2 2 1
telemetry-pipeline/cmd/producer/main.go:215.46,216.13 1 1
telemetry-pipeline/cmd/producer/main.go:216.13,218.3 1 1
telemetry-pipeline/cmd/producer/main.go:219.2,221.26 3 1
telemetry-pipeline/cmd/producer/main.go:221.26,223.19 2 1
telemetry-pipeline/cmd/producer/main.go:223.19,225.4 1 1
telemetry-pipeline/cmd/producer/main.go:227.2,227.15 1 1
telemetry-pipeline/proto/mq.pb.go:46.58,50.2 3 0
telemetry-pipeline/proto/mq.pb.go:52.46,54.2 1 0
telemetry-pipeline/proto/mq.pb.go:56.69,58.2 1 0
telemetry-pipeline/proto/mq.pb.go:60.57,62.2 1 0
telemetry-pipeline/proto/mq.pb.go:64.63,66.2 1 0
telemetry-pipeline/proto/mq.pb.go:69.61,71.2 1 0
telemetry-pipeline/proto/mq.pb.go:83.27,88.2 4 0
telemetry-pipeline/proto/mq.pb.go:90.35,92.2 1 0
telemetry-pipeline/proto/mq.pb.go:94.33,94.34 0 0
telemetry-pipeline/proto/mq.pb.go:96.55,98.14 2 0
telemetry-pipeline/proto/mq.pb.go:98.14,100.34 2 0
telemetry-pipeline/proto/mq.pb.go:100.34,102.4 1 0
telemetry-pipeline/proto/mq.pb.go:103.3,103.12 1 0
telemetry-pipeline/proto/mq.pb.go:105.2,105.24 1 0
telemetry-pipeline/proto/mq.pb.go:109.46,111.2 1 0
telemetry-pipeline/proto/mq.pb.go:113.35,114.14 1 0
telemetry-pipeline/proto/mq.pb.go:114.14,116.3 1 0
telemetry-pipeline/proto/mq.pb.go:117.2,117.12 1 0
telemetry-pipeline/proto/mq.pb.go:120.37,121.14 1 0
telemetry-pipeline/proto/mq.pb.go:121.14,123.3 1 0
telemetry-pipeline/proto/mq.pb.go:124.2,124.12 1 0
telemetry-pipeline/proto/mq.pb.go:127.42,128.14 1 0
telemetry-pipeline/proto/mq.pb.go:128.14,130.3 1 0
telemetry-pipeline/proto/mq.pb.go:131.2,131.10 1 0
telemetry-pipeline/proto/mq.pb.go:134.50,135.14 1 0
telemetry-pipeline/proto/mq.pb.go:135.14,137.3 1 0
telemetry-pipeline/proto/mq.pb.go:138.2,138.12 1 0
telemetry-pipeline/proto/mq.pb.go:151.34,156.2 4 0
telemetry-pipeline/proto/mq.pb.go:158.42,160.2 1 0
telemetry-pipeline/proto/mq.pb.go:162.40,162.41 0 0
telemetry-pipeline/proto/mq.pb.go:164.62,166.14 2 0
telemetry-pipeline/proto/mq.pb.go:166.14,168.34 2 0
telemetry-pipeline/proto/mq.pb.go:168.34,170.4 1 0
telemetry-pipeline/proto/mq.pb.go:171.3,171.12 1 0
telemetry-pipeline/proto/mq.pb.go:173.2,173.24 1 0
telemetry-pipeline/proto/mq.pb.go:177.53,179.2 1 0
telemetry-pipeline/proto/mq.pb.go:181.44,182.14 1 0
telemetry-pipeline/proto/mq.pb.go:182.14,184.3 1 0
telemetry-pipeline/proto/mq.pb.go:185.2,185.11 1 0
telemetry-pipeline/proto/mq.pb.go:188.47,189.14 1 0
telemetry-pipeline/proto/mq.pb.go:189.14,191.3 1 0
telemetry-pipeline/proto/mq.pb.go:192.2,192.10 1 0
telemetry-pipeline/proto/mq.pb.go:195.51,196.14 1 0
telemetry-pipeline/proto/mq.pb.go:196.14,198.3 1 0
telemetry-pipeline/proto/mq.pb.go:199.2,199.12 1 0
telemetry-pipeline/proto/mq.pb.go:202.56,203.14 1 0
telemetry-pipeline/proto/mq.pb.go:203.14,205.3 1 0
telemetry-pipeline/proto/mq.pb.go:206.2,206.28 1 0
telemetry-pipeline/proto/mq.pb.go:217.35,222.2 4 0
telemetry-pipeline/proto/mq.pb.go:224.43,226.2 1 0
telemetry-pipeline/proto/mq.pb.go:228.41,228.42 0 0
telemetry-pipeline/proto/mq.pb.go:230.63,232.14 2 0
telemetry-pipeline/proto/mq.pb.go:232.14,234.34 2 0
telemetry-pipeline/proto/mq.pb.go:234.34,236.4 1 0
telemetry-pipeline/proto/mq.pb.go:237.3,237.12 1 0
telemetry-pipeline/proto/mq.pb.go:239.2,239.24 1 0
telemetry-pipeline/proto/mq.pb.go:243.54,245.2 1 0
telemetry-pipeline/proto/mq.pb.go:247.48,248.14 1 0
telemetry-pipeline/proto/mq.pb.go:248.14,250.3 1 0
telemetry-pipeline/proto/mq.pb.go:251.2,251.10 1 0
telemetry-pipeline/proto/mq.pb.go:254.48,255.14 1 0
telemetry-pipeline/proto/mq.pb.go:255.14,257.3 1 0
telemetry-pipeline/proto/mq.pb.go:258.2,258.12 1 0
telemetry-pipeline/proto/mq.pb.go:273.32,278.2 4 0
telemetry-pipeline/proto/mq.pb.go:280.40,282.2 1 0
telemetry-pipeline/proto/mq.pb.go:284.38,284.39 0 0
telemetry-pipeline/proto/mq.pb.go:286.60,288.14 2 0
telemetry-pipeline/proto/mq.pb.go:288.14,290.34 2 0
telemetry-pipeline/proto/mq.pb.go:290.34,292.4 1 0
telemetry-pipeline/proto/mq.pb.go:293.3,293.12 1 0
telemetry-pipeline/proto/mq.pb.go:295.2,295.24 1 0
telemetry-pipeline/proto/mq.pb.go:299.51,301.2 1 0
telemetry-pipeline/proto/mq.pb.go:303.42,304.14 1 0
telemetry-pipeline/proto/mq.pb.go:304.14,306.3 1 0
telemetry-pipeline/proto/mq.pb.go:307.2,307.11 1 0
telemetry-pipeline/proto/mq.pb.go:310.45,311.14 1 0
telemetry-pipeline/proto/mq.pb.go:311.14,313.3 1 0
telemetry-pipeline/proto/mq.pb.go:314.2,314.10 1 0
telemetry-pipeline/proto/mq.pb.go:317.42,318.14 1 0
telemetry-pipeline/proto/mq.pb.go:318.14,320.3 1 0
telemetry-pipeline/proto/mq.pb.go:321.2,321.10 1 0
telemetry-pipeline/proto/mq.pb.go:324.47,325.14 1 0
telemetry-pipeline/proto/mq.pb.go:325.14,327.3 1 0
telemetry-pipeline/proto/mq.pb.go:328.2,328.10 1 0
telemetry-pipeline/proto/mq.pb.go:331.44,332.14 1 0
telemetry-pipeline/proto/mq.pb.go:332.14,334.3 1 0
telemetry-pipeline/proto/mq.pb.go:335.2,335.10 1 0
telemetry-pipeline/proto/mq.pb.go:338.42,339.14 1 0
telemetry-pipeline/proto/mq.pb.go:339.14,341.3 1 0
telemetry-pipeline/proto/mq.pb.go:342.2,342.10 1 0
telemetry-pipeline/proto/mq.pb.go:353.34,358.2 4 0
telemetry-pipeline/proto/mq.pb.go:360.42,362.2 1 0
telemetry-pipeline/proto/mq.pb.go:364.40,364.41 0 0
telemetry-pipeline/proto/mq.pb.go:366.62,368.14 2 0
telemetry-pipeline/proto/mq.pb.go:368.14,370.34 2 0
telemetry-pipeline/proto/mq.pb.go:370.34,372.4 1 0
telemetry-pipeline/proto/mq.pb.go:373.3,373.12 1 0
telemetry-pipeline/proto/mq.pb.go:375.2,375.24 1 0
telemetry-pipeline/proto/mq.pb.go:379.53,381.2 1 0
telemetry-pipeline/proto/mq.pb.go:383.44,384.14 1 0
telemetry-pipeline/proto/mq.pb.go:384.14,386.3 1 0
telemetry-pipeline/proto/mq.pb.go:387.2,387.10 1 0
telemetry-pipeline/proto/mq.pb.go:390.48,391.14 1 0
telemetry-pipeline/proto/mq.pb.go:391.14,393.3 1 0
telemetry-pipeline/proto/mq.pb.go:394.2,394.12 1 0
telemetry-pipeline/proto/mq.pb.go:405.33,410.2 4 0
telemetry-pipeline/proto/mq.pb.go:412.41,414.2 1 0
telemetry-pipeline/proto/mq.pb.go:416.39,416.40 0 0
telemetry-pipeline/proto/mq.pb.go:418.61,420.14 2 0
telemetry-pipeline/proto/mq.pb.go:420.14,422.34 2 0
telemetry-pipeline/proto/mq.pb.go:422.34,424.4 1 0
telemetry-pipeline/proto/mq.pb.go:425.3,425.12 1 0
telemetry-pipeline/proto/mq.pb.go:427.2,427.24 1 0
telemetry-pipeline/proto/mq.pb.go:431.52,433.2 1 0
telemetry-pipeline/proto/mq.pb.go:435.56,436.14 1 0
telemetry-pipeline/proto/mq.pb.go:436.14,438.3 1 0
telemetry-pipeline/proto/mq.pb.go:439.2,439.12 1 0
telemetry-pipeline/proto/mq.pb.go:442.50,443.14 1 0
telemetry-pipeline/proto/mq.pb.go:443.14,445.3 1 0
telemetry-pipeline/proto/mq.pb.go:446.2,446.10 1 0
telemetry-pipeline/proto/mq.pb.go:458.26,463.2 4 0
telemetry-pipeline/proto/mq.pb.go:465.34,467.2 1 0
telemetry-pipeline/proto/mq.pb.go:469.32,469.33 0 0
telemetry-pipeline/proto/mq.pb.go:471.54,473.14 2 0
telemetry-pipeline/proto/mq.pb.go:473.14,475.34 2 0
telemetry-pipeline/proto/mq.pb.go:475.34,477.4 1 0
telemetry-pipeline/proto/mq.pb.go:478.3,478.12 1 0
telemetry-pipeline/proto/mq.pb.go:480.2,480.24 1 0
telemetry-pipeline/proto/mq.pb.go:484.45,486.2 1 0
telemetry-pipeline/proto/mq.pb.go:488.33,489.14 1 0
telemetry-pipeline/proto/mq.pb.go:489.14,491.3 1 0
telemetry-pipeline/proto/mq.pb.go:492.2,492.11 1 0
telemetry-pipeline/proto/mq.pb.go:495.35,496.14 1 0
telemetry-pipeline/proto/mq.pb.go:496.14,498.3 1 0
telemetry-pipeline/proto/mq.pb.go:499.2,499.11 1 0
telemetry-pipeline/proto/mq.pb.go:502.34,503.14 1 0
telemetry-pipeline/proto/mq.pb.go:503.14,505.3 1 0
telemetry-pipeline/proto/mq.pb.go:506.2,506.10 1 0
telemetry-pipeline/proto/mq.pb.go:519.38,524.2 4 0
telemetry-pipeline/proto/mq.pb.go:526.46,528.2 1 0
telemetry-pipeline/proto/mq.pb.go:530.44,530.45 0 0
telemetry-pipeline/proto/mq.pb.go:532.66,534.14 2 0
telemetry-pipeline/proto/mq.pb.go:534.14,536.34 2 0
telemetry-pipeline/proto/mq.pb.go:536.34,538.4 1 0
telemetry-pipeline/proto/mq.pb.go:539.3,539.12 1 0
telemetry-pipeline/proto/mq.pb.go:541.2,541.24 1 0
telemetry-pipeline/proto/mq.pb.go:545.57,547.2 1 0
telemetry-pipeline/proto/mq.pb.go:549.48,550.14 1 0
telemetry-pipeline/proto/mq.pb.go:550.14,552.3 1 0
telemetry-pipeline/proto/mq.pb.go:553.2,553.11 1 0
telemetry-pipeline/proto/mq.pb.go:556.51,557.14 1 0
telemetry-pipeline/proto/mq.pb.go:557.14,559.3 1 0
telemetry-pipeline/proto/mq.pb.go:560.2,560.10 1 0
telemetry-pipeline/proto/mq.pb.go:563.49,564.14 1 0
telemetry-pipeline/proto/mq.pb.go:564.14,566.3 1 0
telemetry-pipeline/proto/mq.pb.go:567.2,567.11 1 0
telemetry-pipeline/proto/mq.pb.go:570.48,571.14 1 0
telemetry-pipeline/proto/mq.pb.go:571.14,573.3 1 0
telemetry-pipeline/proto/mq.pb.go:574.2,574.12 1 0
telemetry-pipeline/proto/mq.pb.go:584.35,589.2 4 0
telemetry-pipeline/proto/mq.pb.go:591.43,593.2 1 0
telemetry-pipeline/proto/mq.pb.go:595.41,595.42 0 0
telemetry-pipeline/proto/mq.pb.go:597.63,599.14 2 0
telemetry-pipeline/proto/mq.pb.go:599.14,601.34 2 0
telemetry-pipeline/proto/mq.pb.go:601.34,603.4 1 0
telemetry-pipeline/proto/mq.pb.go:604.3,604.12 1 0
telemetry-pipeline/proto/mq.pb.go:606.2,606.24 1 0
telemetry-pipeline/proto/mq.pb.go:610.54,612.2 1 0
telemetry-pipeline/proto/mq.pb.go:614.48,615.14 1 0
telemetry-pipeline/proto/mq.pb.go:615.14,617.3 1 0
telemetry-pipeline/proto/mq.pb.go:618.2,618.12 1 0
telemetry-pipeline/proto/mq.pb.go:629.36,634.2 4 0
telemetry-pipeline/proto/mq.pb.go:636.44,638.2 1 0
telemetry-pipeline/proto/mq.pb.go:640.42,640.43 0 0
telemetry-pipeline/proto/mq.pb.go:642.64,644.14 2 0
telemetry-pipeline/proto/mq.pb.go:644.14,646.34 2 0
telemetry-pipeline/proto/mq.pb.go:646.34,648.4 1 0
telemetry-pipeline/proto/mq.pb.go:649.3,649.12 1 0
telemetry-pipeline/proto/mq.pb.go:651.2,651.24 1 0
telemetry-pipeline/proto/mq.pb.go:655.55,657.2 1 0
telemetry-pipeline/proto/mq.pb.go:659.66,660.14 1 0
telemetry-pipeline/proto/mq.pb.go:660.14,662.3 1 0
telemetry-pipeline/proto/mq.pb.go:663.2,663.12 1 0
telemetry-pipeline/proto/mq.pb.go:666.51,667.14 1 0
telemetry-pipeline/proto/mq.pb.go:667.14,669.3 1 0
telemetry-pipeline/proto/mq.pb.go:670.2,670.12 1 0
telemetry-pipeline/proto/mq.pb.go:682.38,687.2 4 0
telemetry-pipeline/proto/mq.pb.go:689.46,691.2 1 0
telemetry-pipeline/proto/mq.pb.go:693.44,693.45 0 0
telemetry-pipeline/proto/mq.pb.go:695.66,697.14 2 0
telemetry-pipeline/proto/mq.pb.go:697.14,699.34 2 0
telemetry-pipeline/proto/mq.pb.go:699.34,701.4 1 0
telemetry-pipeline/proto/mq.pb.go:702.3,702.12 1 0
telemetry-pipeline/proto/mq.pb.go:704.2,704.24 1 0
telemetry-pipeline/proto/mq.pb.go:708.57,710.2 1 0
telemetry-pipeline/proto/mq.pb.go:712.48,713.14 1 0
telemetry-pipeline/proto/mq.pb.go:713.14,715.3 1 0
telemetry-pipeline/proto/mq.pb.go:716.2,716.11 1 0
telemetry-pipeline/proto/mq.pb.go:719.52,720.14 1 0
telemetry-pipeline/proto/mq.pb.go:720.14,722.3 1 0
telemetry-pipeline/proto/mq.pb.go:723.2,723.10 1 0
telemetry-pipeline/proto/mq.pb.go:726.44,727.14 1 0
telemetry-pipeline/proto/mq.pb.go:727.14,729.3 1 0
telemetry-pipeline/proto/mq.pb.go:730.2,730.10 1 0
telemetry-pipeline/proto/mq.pb.go:739.39,744.2 4 0
telemetry-pipeline/proto/mq.pb.go:746.47,748.2 1 0
telemetry-pipeline/proto/mq.pb.go:750.45,750.46 0 0
telemetry-pipeline/proto/mq.pb.go:752.67,754.14 2 0
telemetry-pipeline/proto/mq.pb.go:754.14,756.34 2 0
telemetry-pipeline/proto/mq.pb.go:756.34,758.4 1 0
telemetry-pipeline/proto/mq.pb.go:759.3,759.12 1 0
telemetry-pipeline/proto/mq.pb.go:761.2,761.24 1 0
telemetry-pipeline/proto/mq.pb.go:765.58,767.2 1 0
telemetry-pipeline/proto/mq.pb.go:776.38,781.2 4 0
telemetry-pipeline/proto/mq.pb.go:783.46,785.2 1 0
telemetry-pipeline/proto/mq.pb.go:787.44,787.45 0 0
telemetry-pipeline/proto/mq.pb.go:789.66,791.14 2 0
telemetry-pipeline/proto/mq.pb.go:791.14,793.34 2 0
telemetry-pipeline/proto/mq.pb.go:793.34,795.4 1 0
telemetry-pipeline/proto/mq.pb.go:796.3,796.12 1 0
telemetry-pipeline/proto/mq.pb.go:798.2,798.24 1 0
telemetry-pipeline/proto/mq.pb.go:802.57,804.2 1 0
telemetry-pipeline/proto/mq.pb.go:806.48,807.14 1 0
telemetry-pipeline/proto/mq.pb.go:807.14,809.3 1 0
telemetry-pipeline/proto/mq.pb.go:810.2,810.11 1 0
telemetry-pipeline/proto/mq.pb.go:819.39,824.2 4 0
telemetry-pipeline/proto/mq.pb.go:826.47,828.2 1 0
telemetry-pipeline/proto/mq.pb.go:830.45,830.46 0 0
telemetry-pipeline/proto/mq.pb.go:832.67,834.14 2 0
telemetry-pipeline/proto/mq.pb.go:834.14,836.34 2 0
telemetry-pipeline/proto/mq.pb.go:836.34,838.4 1 0
telemetry-pipeline/proto/mq.pb.go:839.3,839.12 1 0
telemetry-pipeline/proto/mq.pb.go:841.2,841.24 1 0
telemetry-pipeline/proto/mq.pb.go:845.58,847.2 1 0
telemetry-pipeline/proto/mq.pb.go:859.40,864.2 4 0
telemetry-pipeline/proto/mq.pb.go:866.48,868.2 1 0
telemetry-pipeline/proto/mq.pb.go:870.46,870.47 0 0
telemetry-pipeline/proto/mq.pb.go:872.68,874.14 2 0
telemetry-pipeline/proto/mq.pb.go:874.14,876.34 2 0
telemetry-pipeline/proto/mq.pb.go:876.34,878.4 1 0
telemetry-pipeline/proto/mq.pb.go:879.3,879.12 1 0
telemetry-pipeline/proto/mq.pb.go:881.2,881.24 1 0
telemetry-pipeline/proto/mq.pb.go:885.59,887.2 1 0
telemetry-pipeline/proto/mq.pb.go:889.52,890.14 1 0
telemetry-pipeline/proto/mq.pb.go:890.14,892.3 1 0
telemetry-pipeline/proto/mq.pb.go:893.2,893.11 1 0
telemetry-pipeline/proto/mq.pb.go:896.50,897.14 1 0
telemetry-pipeline/proto/mq.pb.go:897.14,899.3 1 0
telemetry-pipeline/proto/mq.pb.go:900.2,900.11 1 0
telemetry-pipeline/proto/mq.pb.go:903.53,904.14 1 0
telemetry-pipeline/proto/mq.pb.go:904.14,906.3 1 0
telemetry-pipeline/proto/mq.pb.go:907.2,907.10 1 0
telemetry-pipeline/proto/mq.pb.go:910.50,911.14 1 0
telemetry-pipeline/proto/mq.pb.go:911.14,913.3 1 0
telemetry-pipeline/proto/mq.pb.go:914.2,914.10 1 0
telemetry-pipeline/proto/mq.pb.go:923.41,928.2 4 0
telemetry-pipeline/proto/mq.pb.go:930.49,932.2 1 0
telemetry-pipeline/proto/mq.pb.go:934.47,934.48 0 0
telemetry-pipeline/proto/mq.pb.go:936.69,938.14 2 0
telemetry-pipeline/proto/mq.pb.go:938.14,940.34 2 0
telemetry-pipeline/proto/mq.pb.go:940.34,942.4 1 0
telemetry-pipeline/proto/mq.pb.go:943.3,943.12 1 0
telemetry-pipeline/proto/mq.pb.go:945.2,945.24 1 0
telemetry-pipeline/proto/mq.pb.go:949.60,951.2 1 0
telemetry-pipeline/proto/mq.pb.go:961.39,966.2 4 0
telemetry-pipeline/proto/mq.pb.go:968.47,970.2 1 0
telemetry-pipeline/proto/mq.pb.go:972.45,972.46 0 0
telemetry-pipeline/proto/mq.pb.go:974.67,976.14 2 0
telemetry-pipeline/proto/mq.pb.go:976.14,978.34 2 0
telemetry-pipeline/proto/mq.pb.go:978.34,980.4 1 0
telemetry-pipeline/proto/mq.pb.go:981.3,981.12 1 0
telemetry-pipeline/proto/mq.pb.go:983.2,983.24 1 0
telemetry-pipeline/proto/mq.pb.go:987.58,989.2 1 0
telemetry-pipeline/proto/mq.pb.go:991.51,992.14 1 0
telemetry-pipeline/proto/mq.pb.go:992.14,994.3 1 0
telemetry-pipeline/proto/mq.pb.go:995.2,995.11 1 0
telemetry-pipeline/proto/mq.pb.go:998.49,999.14 1 0
telemetry-pipeline/proto/mq.pb.go:999.14,1001.3 1 0
telemetry-pipeline/proto/mq.pb.go:1002.2,1002.11 1 0
telemetry-pipeline/proto/mq.pb.go:1012.40,1017.2 4 0
telemetry-pipeline/proto/mq.pb.go:1019.48,1021.2 1 0
telemetry-pipeline/proto/mq.pb.go:1023.46,1023.47 0 0
telemetry-pipeline/proto/mq.pb.go:1025.68,1027.14 2 0
telemetry-pipeline/proto/mq.pb.go:1027.14,1029.34 2 0
telemetry-pipeline/proto/mq.pb.go:1029.34,1031.4 1 0
telemetry-pipeline/proto/mq.pb.go:1032.3,1032.12 1 0
telemetry-pipeline/proto/mq.pb.go:1034.2,1034.24 1 0
telemetry-pipeline/proto/mq.pb.go:1038.59,1040.2 1 0
telemetry-pipeline/proto/mq.pb.go:1042.60,1043.14 1 0
telemetry-pipeline/proto/mq.pb.go:1043.14,1045.3 1 0
telemetry-pipeline/proto/mq.pb.go:1046.2,1046.12 1 0
telemetry-pipeline/proto/mq.pb.go:1057.31,1062.2 4 0
telemetry-pipeline/proto/mq.pb.go:1064.39,1066.2 1 0
telemetry-pipeline/proto/mq.pb.go:1068.37,1068.38 0 0
telemetry-pipeline/proto/mq.pb.go:1070.59,1072.14 2 0
telemetry-pipeline/proto/mq.pb.go:1072.14,1074.34 2 0
telemetry-pipeline/proto/mq.pb.go:1074.34,1076.4 1 0
telemetry-pipeline/proto/mq.pb.go:1077.3,1077.12 1 0
telemetry-pipeline/proto/mq.pb.go:1079.2,1079.24 1 0
telemetry-pipeline/proto/mq.pb.go:1083.50,1085.2 1 0
telemetry-pipeline/proto/mq.pb.go:1087.44,1088.14 1 0
telemetry-pipeline/proto/mq.pb.go:1088.14,1090.3 1 0
telemetry-pipeline/proto/mq.pb.go:1091.2,1091.10 1 0
telemetry-pipeline/proto/mq.pb.go:1094.41,1095.14 1 0
telemetry-pipeline/proto/mq.pb.go:1095.14,1097.3 1 0
telemetry-pipeline/proto/mq.pb.go:1098.2,1098.10 1 0
telemetry-pipeline/proto/mq.pb.go:1112.36,1117.2 4 0
telemetry-pipeline/proto/mq.pb.go:1119.44,1121.2 1 0
telemetry-pipeline/proto/mq.pb.go:1123.42,1123.43 0 0
telemetry-pipeline/proto/mq.pb.go:1125.64,1127.14 2 0
telemetry-pipeline/proto/mq.pb.go:1127.14,1129.34 2 0
telemetry-pipeline/proto/mq.pb.go:1129.34,1131.4 1 0
telemetry-pipeline/proto/mq.pb.go:1132.3,1132.12 1 0
telemetry-pipeline/proto/mq.pb.go:1134.2,1134.24 1 0
telemetry-pipeline/proto/mq.pb.go:1138.55,1140.2 1 0
telemetry-pipeline/proto/mq.pb.go:1142.46,1143.14 1 0
telemetry-pipeline/proto/mq.pb.go:1143.14,1145.3 1 0
telemetry-pipeline/proto/mq.pb.go:1146.2,1146.11 1 0
telemetry-pipeline/proto/mq.pb.go:1149.49,1150.14 1 0
telemetry-pipeline/proto/mq.pb.go:1150.14,1152.3 1 0
telemetry-pipeline/proto/mq.pb.go:1153.2,1153.10 1 0
telemetry-pipeline/proto/mq.pb.go:1156.50,1157.14 1 0
telemetry-pipeline/proto/mq.pb.go:1157.14,1159.3 1 0
telemetry-pipeline/proto/mq.pb.go:1160.2,1160.10 1 0
telemetry-pipeline/proto/mq.pb.go:1163.53,1164.14 1 0
telemetry-pipeline/proto/mq.pb.go:1164.14,1166.3 1 0
telemetry-pipeline/proto/mq.pb.go:1167.2,1167.12 1 0
telemetry-pipeline/proto/mq.pb.go:1170.51,1171.14 1 0
telemetry-pipeline/proto/mq.pb.go:1171.14,1173.3 1 0
telemetry-pipeline/proto/mq.pb.go:1174.2,1174.10 1 0
telemetry-pipeline/proto/mq.pb.go:1184.37,1189.2 4 0
telemetry-pipeline/proto/mq.pb.go:1191.45,1193.2 1 0
telemetry-pipeline/proto/mq.pb.go:1195.43,1195.44 0 0
telemetry-pipeline/proto/mq.pb.go:1197.65,1199.14 2 0
telemetry-pipeline/proto/mq.pb.go:1199.14,1201.34 2 0
telemetry-pipeline/proto/mq.pb.go:1201.34,1203.4 1 0
telemetry-pipeline/proto/mq.pb.go:1204.3,1204.12 1 0
telemetry-pipeline/proto/mq.pb.go:1206.2,1206.24 1 0
telemetry-pipeline/proto/mq.pb.go:1210.56,1212.2 1 0
telemetry-pipeline/proto/mq.pb.go:1214.51,1215.14 1 0
telemetry-pipeline/proto/mq.pb.go:1215.14,1217.3 1 0
telemetry-pipeline/proto/mq.pb.go:1218.2,1218.10 1 0
telemetry-pipeline/proto/mq.pb.go:1328.47,1329.44 1 0
telemetry-pipeline/proto/mq.pb.go:1329.44,1331.3 1 0
telemetry-pipeline/proto/mq.pb.go:1332.2,1332.40 1 0
telemetry-pipeline/proto/mq.pb.go:1395.13,1395.43 1 1
telemetry-pipeline/proto/mq.pb.go:1396.33,1397.32 1 1
telemetry-pipeline/proto/mq.pb.go:1397.32,1399.3 1 0
telemetry-pipeline/proto/mq.pb.go:1400.2,1417.35 5 1
telemetry-pipeline/proto/mq_grpc.pb.go:50.56,52.2 1 0
telemetry-pipeline/proto/mq_grpc.pb.go:54.120,58.16 4 0
telemetry-pipeline/proto/mq_grpc.pb.go:58.16,60.3 1 0
telemetry-pipeline/proto/mq_grpc.pb.go:61.2,61.17 1 0
telemetry-pipeline/proto/mq_grpc.pb.go:64.114,68.16 4 0
telemetry-pipeline/proto/mq_grpc.pb.go:68.16,70.3 1 0
telemetry-pipeline/proto/mq_grpc.pb.go:71.2,71.17 1 0
telemetry-pipeline/proto/mq_grpc.pb.go:74.123,78.16 4 0
telemetry-pipeline/proto/mq_grpc.pb.go:78.16,80.3 1 0
telemetry-pipeline/proto/mq_grpc.pb.go:81.2,81.17 1 0
telemetry-pipeline/proto/mq_grpc.pb.go:84.132,88.16 4 0
telemetry-pipeline/proto/mq_grpc.pb.go:88.16,90.3 1 0
telemetry-pipeline/proto/mq_grpc.pb.go:91.2,91.17 1 0
telemetry-pipeline/proto/mq_grpc.pb.go:94.132,98.16 4 0
telemetry-pipeline/proto/mq_grpc.pb.go:98.16,100.3 1 0
telemetry-pipeline/proto/mq_grpc.pb.go:101.2,101.17 1 0
telemetry-pipeline/proto/mq_grpc.pb.go:104.138,108.16 4 0
telemetry-pipeline/proto/mq_grpc.pb.go:108.16,110.3 1 0
telemetry-pipeline/proto/mq_grpc.pb.go:111.2,111.17 1 0
telemetry-pipeline/proto/mq_grpc.pb.go:114.135,118.16 4 0
telemetry-pipeline/proto/mq_grpc.pb.go:118.16,120.3 1 0
telemetry-pipeline/proto/mq_grpc.pb.go:121.2,121.17 1 0
telemetry-pipeline/proto/mq_grpc.pb.go:147.98,149.2 1 0
telemetry-pipeline/proto/mq_grpc.pb.go:150.92,152.2 1 0
telemetry-pipeline/proto/mq_grpc.pb.go:153.101,155.2 1 0
telemetry-pipeline/proto/mq_grpc.pb.go:156.110,158.2 1 0
telemetry-pipeline/proto/mq_grpc.pb.go:159.110,161.2 1 0
telemetry-pipeline/proto/mq_grpc.pb.go:162.116,164.2 1 0
telemetry-pipeline/proto/mq_grpc.pb.go:165.113,167.2 1 0
telemetry-pipeline/proto/mq_grpc.pb.go:168.64,168.65 0 0
telemetry-pipeline/proto/mq_grpc.pb.go:169.64,169.65 0 0
telemetry-pipeline/proto/mq_grpc.pb.go:178.62,183.59 1 0
telemetry-pipeline/proto/mq_grpc.pb.go:183.59,185.3 1 0
telemetry-pipeline/proto/mq_grpc.pb.go:186.2,186.41 1 0
telemetry-pipeline/proto/mq_grpc.pb.go:189.155,191.32 2 0
telemetry-pipeline/proto/mq_grpc.pb.go:191.32,193.3 1 0
telemetry-pipeline/proto/mq_grpc.pb.go:194.2,194.24 1 0
telemetry-pipeline/proto/mq_grpc.pb.go:194.24,196.3 1 0
telemetry-pipeline/proto/mq_grpc.pb.go:197.2,201.77 2 0
telemetry-pipeline/proto/mq_grpc.pb.go:201.77,203.3 1 0
telemetry-pipeline/proto/mq_grpc.pb.go:204.2,204.44 1 0
telemetry-pipeline/proto/mq_grpc.pb.go:207.153,209.32 2 0
telemetry-pipeline/proto/mq_grpc.pb.go:209.32,211.3 1 0
telemetry-pipeline/proto/mq_grpc.pb.go:212.2,212.24 1 0
telemetry-pipeline/proto/mq_grpc.pb.go:212.24,214.3 1 0
telemetry-pipeline/proto/mq_grpc.pb.go:215.2,219.77 2 0
telemetry-pipeline/proto/mq_grpc.pb.go:219.77,221.3 1 0
telemetry-pipeline/proto/mq_grpc.pb.go:222.2,222.44 1 0
telemetry-pipeline/proto/mq_grpc.pb.go:225.156,227.32 2 0
telemetry-pipeline/proto/mq_grpc.pb.go:227.32,229.3 1 0
telemetry-pipeline/proto/mq_grpc.pb.go:230.2,230.24 1 0
telemetry-pipeline/proto/mq_grpc.pb.go:230.24,232.3 1 0
telemetry-pipeline/proto/mq_grpc.pb.go:233.2,237.77 2 0
telemetry-pipeline/proto/mq_grpc.pb.go:237.77,239.3 1 0
telemetry-pipeline/proto/mq_grpc.pb.go:240.2,240.44 1 0
telemetry-pipeline/proto/mq_grpc.pb.go:243.159,245.32 2 0
telemetry-pipeline/proto/mq_grpc.pb.go:245.32,247.3 1 0
telemetry-pipeline/proto/mq_grpc.pb.go:248.2,248.24 1 0
telemetry-pipeline/proto/mq_grpc.pb.go:248.24,250.3 1 0
telemetry-pipeline/proto/mq_grpc.pb.go:251.2,255.77 2 0
telemetry-pipeline/proto/mq_grpc.pb.go:255.77,257.3 1 0
telemetry-pipeline/proto/mq_grpc.pb.go:258.2,258.44 1 0
telemetry-pipeline/proto/mq_grpc.pb.go:261.159,263.32 2 0
telemetry-pipeline/proto/mq_grpc.pb.go:263.32,265.3 1 0
telemetry-pipeline/proto/mq_grpc.pb.go:266.2,266.24 1 0
telemetry-pipeline/proto/mq_grpc.pb.go:266.24,268.3 1 0
telemetry-pipeline/proto/mq_grpc.pb.go:269.2,273.77 2 0
telemetry-pipeline/proto/mq_grpc.pb.go:273.77,275.3 1 0
telemetry-pipeline/proto/mq_grpc.pb.go:276.2,276.44 1 0
telemetry-pipeline/proto/mq_grpc.pb.go:279.161,281.32 2 0
telemetry-pipeline/proto/mq_grpc.pb.go:281.32,283.3 1 0
telemetry-pipeline/proto/mq_grpc.pb.go:284.2,284.24 1 0
telemetry-pipeline/proto/mq_grpc.pb.go:284.24,286.3 1 0
telemetry-pipeline/proto/mq_grpc.pb.go:287.2,291.77 2 0
telemetry-pipeline/proto/mq_grpc.pb.go:291.77,293.3 1 0
telemetry-pipeline/proto/mq_grpc.pb.go:294.2,294.44 1 0
telemetry-pipeline/proto/mq_grpc.pb.go:297.160,299.32 2 0
telemetry-pipeline/proto/mq_grpc.pb.go:299.32,301.3 1 0
telemetry-pipeline/proto/mq_grpc.pb.go:302.2,302.24 1 0
telemetry-pipeline/proto/mq_grpc.pb.go:302.24,304.3 1 0
telemetry-pipeline/proto/mq_grpc.pb.go:305.2,309.77 2 0
telemetry-pipeline/proto/mq_grpc.pb.go:309.77,311.3 1 0
telemetry-pipeline/proto/mq_grpc.pb.go:312.2,312.44 1 0
telemetry-pipeline/proto/mq_grpc.pb.go:372.72,374.2 1 0
telemetry-pipeline/proto/mq_grpc.pb.go:376.131,380.16 4 0
telemetry-pipeline/proto/mq_grpc.pb.go:380.16,382.3 1 0
telemetry-pipeline/proto/mq_grpc.pb.go:383.2,383.17 1 0
telemetry-pipeline/proto/mq_grpc.pb.go:403.109,405.2 1 0
telemetry-pipeline/proto/mq_grpc.pb.go:406.80,406.81 0 0
telemetry-pipeline/proto/mq_grpc.pb.go:407.80,407.81 0 0
telemetry-pipeline/proto/mq_grpc.pb.go:416.78,421.59 1 0
telemetry-pipeline/proto/mq_grpc.pb.go:421.59,423.3 1 0
telemetry-pipeline/proto/mq_grpc.pb.go:424.2,424.49 1 0
telemetry-pipeline/proto/mq_grpc.pb.go:427.162,429.32 2 0
telemetry-pipeline/proto/mq_grpc.pb.go:429.32,431.3 1 0
telemetry-pipeline/proto/mq_grpc.pb.go:432.2,432.24 1 0
telemetry-pipeline/proto/mq_grpc.pb.go:432.24,434.3 1 0
telemetry-pipeline/proto/mq_grpc.pb.go:435.2,439.77 2 0
telemetry-pipeline/proto/mq_grpc.pb.go:439.77,441.3 1 0
telemetry-pipeline/proto/mq_grpc.pb.go:442.2,442.44 1 0
telemetry-pipeline/cmd/msg-queue/main.go:28.117,32.39 3 1
telemetry-pipeline/cmd/msg-queue/main.go:32.39,34.3 1 1
telemetry-pipeline/cmd/msg-queue/main.go:35.2,43.59 6 1
telemetry-pipeline/cmd/msg-queue/main.go:43.59,46.3 2 1
telemetry-pipeline/cmd/msg-queue/main.go:47.2,48.12 2 1
telemetry-pipeline/cmd/msg-queue/main.go:51.13,61.16 7 0
telemetry-pipeline/cmd/msg-queue/main.go:61.16,63.3 1 0
telemetry-pipeline/cmd/msg-queue/main.go:65.2,66.48 2 0
telemetry-pipeline/cmd/msg-queue/main.go:66.48,68.3 1 0
telemetry-pipeline/cmd/msg-queue/main.go:69.2,81.16 6 0
telemetry-pipeline/cmd/msg-queue/main.go:81.16,83.3 1 0
telemetry-pipeline/cmd/msg-queue/main.go:84.2,94.54 6 0
telemetry-pipeline/cmd/msg-queue/main.go:94.54,96.3 1 0
telemetry-pipeline/cmd/msg-queue/main.go:99.44,100.42 1 1
telemetry-pipeline/cmd/msg-queue/main.go:100.42,103.3 2 1
telemetry-pipeline/cmd/msg-queue/main.go:104.2,104.12 1 1
telemetry-pipeline/proto/mq.pb.go:46.58,50.2 3 0
telemetry-pipeline/proto/mq.pb.go:52.46,54.2 1 0
telemetry-pipeline/proto/mq.pb.go:56.69,58.2 1 0
telemetry-pipeline/proto/mq.pb.go:60.57,62.2 1 0
telemetry-pipeline/proto/mq.pb.go:64.63,66.2 1 0
telemetry-pipeline/proto/mq.pb.go:69.61,71.2 1 0
telemetry-pipeline/proto/mq.pb.go:83.27,88.2 4 0
telemetry-pipeline/proto/mq.pb.go:90.35,92.2 1 0
telemetry-pipeline/proto/mq.pb.go:94.33,94.34 0 0
telemetry-pipeline/proto/mq.pb.go:96.55,98.14 2 0
telemetry-pipeline/proto/mq.pb.go:98.14,100.34 2 0
telemetry-pipeline/proto/mq.pb.go:100.34,102.4 1 0
telemetry-pipeline/proto/mq.pb.go:103.3,103.12 1 0
telemetry-pipeline/proto/mq.pb.go:105.2,105.24 1 0
telemetry-pipeline/proto/mq.pb.go:109.46,111.2 1 0
telemetry-pipeline/proto/mq.pb.go:113.35,114.14 1 0
telemetry-pipeline/proto/mq.pb.go:114.14,116.3 1 0
telemetry-pipeline/proto/mq.pb.go:117.2,117.12 1 0
telemetry-pipeline/proto/mq.pb.go:120.37,121.14 1 0
telemetry-pipeline/proto/mq.pb.go:121.14,123.3 1 0
telemetry-pipeline/proto/mq.pb.go:124.2,124.12 1 0
telemetry-pipeline/proto/mq.pb.go:127.42,128.14 1 0
telemetry-pipeline/proto/mq.pb.go:128.14,130.3 1 0
telemetry-pipeline/proto/mq.pb.go:131.2,131.10 1 0
telemetry-pipeline/proto/mq.pb.go:134.50,135.14 1 0
telemetry-pipeline/proto/mq.pb.go:135.14,137.3 1 0
telemetry-pipeline/proto/mq.pb.go:138.2,138.12 1 0
telemetry-pipeline/proto/mq.pb.go:151.34,156.2 4 0
telemetry-pipeline/proto/mq.pb.go:158.42,160.2 1 0
telemetry-pipeline/proto/mq.pb.go:162.40,162.41 0 0
telemetry-pipeline/proto/mq.pb.go:164.62,166.14 2 0
telemetry-pipeline/proto/mq.pb.go:166.14,168.34 2 0
telemetry-pipeline/proto/mq.pb.go:168.34,170.4 1 0
telemetry-pipeline/proto/mq.pb.go:171.3,171.12 1 0
telemetry-pipeline/proto/mq.pb.go:173.2,173.24 1 0
telemetry-pipeline/proto/mq.pb.go:177.53,179.2 1 0
telemetry-pipeline/proto/mq.pb.go:181.44,182.14 1 0
telemetry-pipeline/proto/mq.pb.go:182.14,184.3 1 0
telemetry-pipeline/proto/mq.pb.go:185.2,185.11 1 0
telemetry-pipeline/proto/mq.pb.go:188.47,189.14 1 0
telemetry-pipeline/proto/mq.pb.go:189.14,191.3 1 0
telemetry-pipeline/proto/mq.pb.go:192.2,192.10 1 0
telemetry-pipeline/proto/mq.pb.go:195.51,196.14 1 0
telemetry-pipeline/proto/mq.pb.go:196.14,198.3 1 0
telemetry-pipeline/proto/mq.pb.go:199.2,199.12 1 0
telemetry-pipeline/proto/mq.pb.go:202.56,203.14 1 0
telemetry-pipeline/proto/mq.pb.go:203.14,205.3 1 0
telemetry-pipeline/proto/mq.pb.go:206.2,206.28 1 0
telemetry-pipeline/proto/mq.pb.go:217.35,222.2 4 0
telemetry-pipeline/proto/mq.pb.go:224.43,226.2 1 0
telemetry-pipeline/proto/mq.pb.go:228.41,228.42 0 0
telemetry-pipeline/proto/mq.pb.go:230.63,232.14 2 0
telemetry-pipeline/proto/mq.pb.go:232.14,234.34 2 0
telemetry-pipeline/proto/mq.pb.go:234.34,236.4 1 0
telemetry-pipeline/proto/mq.pb.go:237.3,237.12 1 0
telemetry-pipeline/proto/mq.pb.go:239.2,239.24 1 0
telemetry-pipeline/proto/mq.pb.go:243.54,245.2 1 0
telemetry-pipeline/proto/mq.pb.go:247.48,248.14 1 0
telemetry-pipeline/proto/mq.pb.go:248.14,250.3 1 0
telemetry-pipeline/proto/mq.pb.go:251.2,251.10 1 0
telemetry-pipeline/proto/mq.pb.go:254.48,255.14 1 0
telemetry-pipeline/proto/mq.pb.go:255.14,257.3 1 0
telemetry-pipeline/proto/mq.pb.go:258.2,258.12 1 0
telemetry-pipeline/proto/mq.pb.go:273.32,278.2 4 0
telemetry-pipeline/proto/mq.pb.go:280.40,282.2 1 0
telemetry-pipeline/proto/mq.pb.go:284.38,284.39 0 0
telemetry-pipeline/proto/mq.pb.go:286.60,288.14 2 0
telemetry-pipeline/proto/mq.pb.go:288.14,290.34 2 0
telemetry-pipeline/proto/mq.pb.go:290.34,292.4 1 0
telemetry-pipeline/proto/mq.pb.go:293.3,293.12 1 0
telemetry-pipeline/proto/mq.pb.go:295.2,295.24 1 0
telemetry-pipeline/proto/mq.pb.go:299.51,301.2 1 0
telemetry-pipeline/proto/mq.pb.go:303.42,304.14 1 0
telemetry-pipeline/proto/mq.pb.go:304.14,306.3 1 0
telemetry-pipeline/proto/mq.pb.go:307.2,307.11 1 0
telemetry-pipeline/proto/mq.pb.go:310.45,311.14 1 0
telemetry-pipeline/proto/mq.pb.go:311.14,313.3 1 0
telemetry-pipeline/proto/mq.pb.go:314.2,314.10 1 0
telemetry-pipeline/proto/mq.pb.go:317.42,318.14 1 0
telemetry-pipeline/proto/mq.pb.go:318.14,320.3 1 0
telemetry-pipeline/proto/mq.pb.go:321.2,321.10 1 0
telemetry-pipeline/proto/mq.pb.go:324.47,325.14 1 0
telemetry-pipeline/proto/mq.pb.go:325.14,327.3 1 0
telemetry-pipeline/proto/mq.pb.go:328.2,328.10 1 0
telemetry-pipeline/proto/mq.pb.go:331.44,332.14 1 0
telemetry-pipeline/proto/mq.pb.go:332.14,334.3 1 0
telemetry-pipeline/proto/mq.pb.go:335.2,335.10 1 0
telemetry-pipeline/proto/mq.pb.go:338.42,339.14 1 0
telemetry-pipeline/proto/mq.pb.go:339.14,341.3 1 0
telemetry-pipeline/proto/mq.pb.go:342.2,342.10 1 0
telemetry-pipeline/proto/mq.pb.go:353.34,358.2 4 0
telemetry-pipeline/proto/mq.pb.go:360.42,362.2 1 0
telemetry-pipeline/proto/mq.pb.go:364.40,364.41 0 0
telemetry-pipeline/proto/mq.pb.go:366.62,368.14 2 0
telemetry-pipeline/proto/mq.pb.go:368.14,370.34 2 0
telemetry-pipeline/proto/mq.pb.go:370.34,372.4 1 0
telemetry-pipeline/proto/mq.pb.go:373.3,373.12 1 0
telemetry-pipeline/proto/mq.pb.go:375.2,375.24 1 0
telemetry-pipeline/proto/mq.pb.go:379.53,381.2 1 0
telemetry-pipeline/proto/mq.pb.go:383.44,384.14 1 0
telemetry-pipeline/proto/mq.pb.go:384.14,386.3 1 0
telemetry-pipeline/proto/mq.pb.go:387.2,387.10 1 0
telemetry-pipeline/proto/mq.pb.go:390.48,391.14 1 0
telemetry-pipeline/proto/mq.pb.go:391.14,393.3 1 0
telemetry-pipeline/proto/mq.pb.go:394.2,394.12 1 0
telemetry-pipeline/proto/mq.pb.go:405.33,410.2 4 0
telemetry-pipeline/proto/mq.pb.go:412.41,414.2 1 0
telemetry-pipeline/proto/mq.pb.go:416.39,416.40 0 0
telemetry-pipeline/proto/mq.pb.go:418.61,420.14 2 0
telemetry-pipeline/proto/mq.pb.go:420.14,422.34 2 0
telemetry-pipeline/proto/mq.pb.go:422.34,424.4 1 0
telemetry-pipeline/proto/mq.pb.go:425.3,425.12 1 0
telemetry-pipeline/proto/mq.pb.go:427.2,427.24 1 0
telemetry-pipeline/proto/mq.pb.go:431.52,433.2 1 0
telemetry-pipeline/proto/mq.pb.go:435.56,436.14 1 0
telemetry-pipeline/proto/mq.pb.go:436.14,438.3 1 0
telemetry-pipeline/proto/mq.pb.go:439.2,439.12 1 0
telemetry-pipeline/proto/mq.pb.go:442.50,443.14 1 0
telemetry-pipeline/proto/mq.pb.go:443.14,445.3 1 0
telemetry-pipeline/proto/mq.pb.go:446.2,446.10 1 0
telemetry-pipeline/proto/mq.pb.go:458.26,463.2 4 0
telemetry-pipeline/proto/mq.pb.go:465.34,467.2 1 0
telemetry-pipeline/proto/mq.pb.go:469.32,469.33 0 0
telemetry-pipeline/proto/mq.pb.go:471.54,473.14 2 0
telemetry-pipeline/proto/mq.pb.go:473.14,475.34 2 0
telemetry-pipeline/proto/mq.pb.go:475.34,477.4 1 0
telemetry-pipeline/proto/mq.pb.go:478.3,478.12 1 0
telemetry-pipeline/proto/mq.pb.go:480.2,480.24 1 0
telemetry-pipeline/proto/mq.pb.go:484.45,486.2 1 0
telemetry-pipeline/proto/mq.pb.go:488.33,489.14 1 0
telemetry-pipeline/proto/mq.pb.go:489.14,491.3 1 0
telemetry-pipeline/proto/mq.pb.go:492.2,492.11 1 0
telemetry-pipeline/proto/mq.pb.go:495.35,496.14 1 0
telemetry-pipeline/proto/mq.pb.go:496.14,498.3 1 0
telemetry-pipeline/proto/mq.pb.go:499.2,499.11 1 0
telemetry-pipeline/proto/mq.pb.go:502.34,503.14 1 0
telemetry-pipeline/proto/mq.pb.go:503.14,505.3 1 0
telemetry-pipeline/proto/mq.pb.go:506.2,506.10 1 0
telemetry-pipeline/proto/mq.pb.go:519.38,524.2 4 0
telemetry-pipeline/proto/mq.pb.go:526.46,528.2 1 0
telemetry-pipeline/proto/mq.pb.go:530.44,530.45 0 0
telemetry-pipeline/proto/mq.pb.go:532.66,534.14 2 0
telemetry-pipeline/proto/mq.pb.go:534.14,536.34 2 0
telemetry-pipeline/proto/mq.pb.go:536.34,538.4 1 0
telemetry-pipeline/proto/mq.pb.go:539.3,539.12 1 0
telemetry-pipeline/proto/mq.pb.go:541.2,541.24 1 0
telemetry-pipeline/proto/mq.pb.go:545.57,547.2 1 0
telemetry-pipeline/proto/mq.pb.go:549.48,550.14 1 0
telemetry-pipeline/proto/mq.pb.go:550.14,552.3 1 0
telemetry-pipeline/proto/mq.pb.go:553.2,553.11 1 0
telemetry-pipeline/proto/mq.pb.go:556.51,557.14 1 0
telemetry-pipeline/proto/mq.pb.go:557.14,559.3 1 0
telemetry-pipeline/proto/mq.pb.go:560.2,560.10 1 0
telemetry-pipeline/proto/mq.pb.go:563.49,564.14 1 0
telemetry-pipeline/proto/mq.pb.go:564.14,566.3 1 0
telemetry-pipeline/proto/mq.pb.go:567.2,567.11 1 0
telemetry-pipeline/proto/mq.pb.go:570.48,571.14 1 0
telemetry-pipeline/proto/mq.pb.go:571.14,573.3 1 0
telemetry-pipeline/proto/mq.pb.go:574.2,574.12 1 0
telemetry-pipeline/proto/mq.pb.go:584.35,589.2 4 0
telemetry-pipeline/proto/mq.pb.go:591.43,593.2 1 0
telemetry-pipeline/proto/mq.pb.go:595.41,595.42 0 0
telemetry-pipeline/proto/mq.pb.go:597.63,599.14 2 0
telemetry-pipeline/proto/mq.pb.go:599.14,601.34 2 0
telemetry-pipeline/proto/mq.pb.go:601.34,603.4 1 0
telemetry-pipeline/proto/mq.pb.go:604.3,604.12 1 0
telemetry-pipeline/proto/mq.pb.go:606.2,606.24 1 0
telemetry-pipeline/proto/mq.pb.go:610.54,612.2 1 0
telemetry-pipeline/proto/mq.pb.go:614.48,615.14 1 0
telemetry-pipeline/proto/mq.pb.go:615.14,617.3 1 0
telemetry-pipeline/proto/mq.pb.go:618.2,618.12 1 0
telemetry-pipeline/proto/mq.pb.go:629.36,634.2 4 0
telemetry-pipeline/proto/mq.pb.go:636.44,638.2 1 0
telemetry-pipeline/proto/mq.pb.go:640.42,640.43 0 0
telemetry-pipeline/proto/mq.pb.go:642.64,644.14 2 0
telemetry-pipeline/proto/mq.pb.go:644.14,646.34 2 0
telemetry-pipeline/proto/mq.pb.go:646.34,648.4 1 0
telemetry-pipeline/proto/mq.pb.go:649.3,649.12 1 0
telemetry-pipeline/proto/mq.pb.go:651.2,651.24 1 0
telemetry-pipeline/proto/mq.pb.go:655.55,657.2 1 0
telemetry-pipeline/proto/mq.pb.go:659.66,660.14 1 0
telemetry-pipeline/proto/mq.pb.go:660.14,662.3 1 0
telemetry-pipeline/proto/mq.pb.go:663.2,663.12 1 0
telemetry-pipeline/proto/mq.pb.go:666.51,667.14 1 0
telemetry-pipeline/proto/mq.pb.go:667.14,669.3 1 0
telemetry-pipeline/proto/mq.pb.go:670.2,670.12 1 0
telemetry-pipeline/proto/mq.pb.go:682.38,687.2 4 0
telemetry-pipeline/proto/mq.pb.go:689.46,691.2 1 0
telemetry-pipeline/proto/mq.pb.go:693.44,693.45 0 0
telemetry-pipeline/proto/mq.pb.go:695.66,697.14 2 0
telemetry-pipeline/proto/mq.pb.go:697.14,699.34 2 0
telemetry-pipeline/proto/mq.pb.go:699.34,701.4 1 0
telemetry-pipeline/proto/mq.pb.go:702.3,702.12 1 0
telemetry-pipeline/proto/mq.pb.go:704.2,704.24 1 0
telemetry-pipeline/proto/mq.pb.go:708.57,710.2 1 0
telemetry-pipeline/proto/mq.pb.go:712.48,713.14 1 0
telemetry-pipeline/proto/mq.pb.go:713.14,715.3 1 0
telemetry-pipeline/proto/mq.pb.go:716.2,716.11 1 0
telemetry-pipeline/proto/mq.pb.go:719.52,720.14 1 0
telemetry-pipeline/proto/mq.pb.go:720.14,722.3 1 0
telemetry-pipeline/proto/mq.pb.go:723.2,723.10 1 0
telemetry-pipeline/proto/mq.pb.go:726.44,727.14 1 0
telemetry-pipeline/proto/mq.pb.go:727.14,729.3 1 0
telemetry-pipeline/proto/mq.pb.go:730.2,730.10 1 0
telemetry-pipeline/proto/mq.pb.go:739.39,744.2 4 0
telemetry-pipeline/proto/mq.pb.go:746.47,748.2 1 0
telemetry-pipeline/proto/mq.pb.go:750.45,750.46 0 0
telemetry-pipeline/proto/mq.pb.go:752.67,754.14 2 0
telemetry-pipeline/proto/mq.pb.go:754.14,756.34 2 0
telemetry-pipeline/proto/mq.pb.go:756.34,758.4 1 0
telemetry-pipeline/proto/mq.pb.go:759.3,759.12 1 0
telemetry-pipeline/proto/mq.pb.go:761.2,761.24 1 0
telemetry-pipeline/proto/mq.pb.go:765.58,767.2 1 0
telemetry-pipeline/proto/mq.pb.go:776.38,781.2 4 0
telemetry-pipeline/proto/mq.pb.go:783.46,785.2 1 0
telemetry-pipeline/proto/mq.pb.go:787.44,787.45 0 0
telemetry-pipeline/proto/mq.pb.go:789.66,791.14 2 0
telemetry-pipeline/proto/mq.pb.go:791.14,793.34 2 0
telemetry-pipeline/proto/mq.pb.go:793.34,795.4 1 0
telemetry-pipeline/proto/mq.pb.go:796.3,796.12 1 0
telemetry-pipeline/proto/mq.pb.go:798.2,798.24 1 0
telemetry-pipeline/proto/mq.pb.go:802.57,804.2 1 0
telemetry-pipeline/proto/mq.pb.go:806.48,807.14 1 0
telemetry-pipeline/proto/mq.pb.go:807.14,809.3 1 0
telemetry-pipeline/proto/mq.pb.go:810.2,810.11 1 0
telemetry-pipeline/proto/mq.pb.go:819.39,824.2 4 0
telemetry-pipeline/proto/mq.pb.go:826.47,828.2 1 0
telemetry-pipeline/proto/mq.pb.go:830.45,830.46 0 0
telemetry-pipeline/proto/mq.pb.go:832.67,834.14 2 0
telemetry-pipeline/proto/mq.pb.go:834.14,836.34 2 0
telemetry-pipeline/proto/mq.pb.go:836.34,838.4 1 0
telemetry-pipeline/proto/mq.pb.go:839.3,839.12 1 0
telemetry-pipeline/proto/mq.pb.go:841.2,841.24 1 0
telemetry-pipeline/proto/mq.pb.go:845.58,847.2 1 0
telemetry-pipeline/proto/mq.pb.go:859.40,864.2 4 0
telemetry-pipeline/proto/mq.pb.go:866.48,868.2 1 0
telemetry-pipeline/proto/mq.pb.go:870.46,870.47 0 0
telemetry-pipeline/proto/mq.pb.go:872.68,874.14 2 0
telemetry-pipeline/proto/mq.pb.go:874.14,876.34 2 0
telemetry-pipeline/proto/mq.pb.go:876.34,878.4 1 0
telemetry-pipeline/proto/mq.pb.go:879.3,879.12 1 0
telemetry-pipeline/proto/mq.pb.go:881.2,881.24 1 0
telemetry-pipeline/proto/mq.pb.go:885.59,887.2 1 0
telemetry-pipeline/proto/mq.pb.go:889.52,890.14 1 0
telemetry-pipeline/proto/mq.pb.go:890.14,892.3 1 0
telemetry-pipeline/proto/mq.pb.go:893.2,893.11 1 0
telemetry-pipeline/proto/mq.pb.go:896.50,897.14 1 0
telemetry-pipeline/proto/mq.pb.go:897.14,899.3 1 0
telemetry-pipeline/proto/mq.pb.go:900.2,900.11 1 0
telemetry-pipeline/proto/mq.pb.go:903.53,904.14 1 0
telemetry-pipeline/proto/mq.pb.go:904.14,906.3 1 0
telemetry-pipeline/proto/mq.pb.go:907.2,907.10 1 0
telemetry-pipeline/proto/mq.pb.go:910.50,911.14 1 0
telemetry-pipeline/proto/mq.pb.go:911.14,913.3 1 0
telemetry-pipeline/proto/mq.pb.go:914.2,914.10 1 0
telemetry-pipeline/proto/mq.pb.go:923.41,928.2 4 0
telemetry-pipeline/proto/mq.pb.go:930.49,932.2 1 0
telemetry-pipeline/proto/mq.pb.go:934.47,934.48 0 0
telemetry-pipeline/proto/mq.pb.go:936.69,938.14 2 0
telemetry-pipeline/proto/mq.pb.go:938.14,940.34 2 0
telemetry-pipeline/proto/mq.pb.go:940.34,942.4 1 0
telemetry-pipeline/proto/mq.pb.go:943.3,943.12 1 0
telemetry-pipeline/proto/mq.pb.go:945.2,945.24 1 0
telemetry-pipeline/proto/mq.pb.go:949.60,951.2 1 0
telemetry-pipeline/proto/mq.pb.go:961.39,966.2 4 0
telemetry-pipeline/proto/mq.pb.go:968.47,970.2 1 0
telemetry-pipeline/proto/mq.pb.go:972.45,972.46 0 0
telemetry-pipeline/proto/mq.pb.go:974.67,976.14 2 0
telemetry-pipeline/proto/mq.pb.go:976.14,978.34 2 0
telemetry-pipeline/proto/mq.pb.go:978.34,980.4 1 0
telemetry-pipeline/proto/mq.pb.go:981.3,981.12 1 0
telemetry-pipeline/proto/mq.pb.go:983.2,983.24 1 0
telemetry-pipeline/proto/mq.pb.go:987.58,989.2 1 0
telemetry-pipeline/proto/mq.pb.go:991.51,992.14 1 0
telemetry-pipeline/proto/mq.pb.go:992.14,994.3 1 0
telemetry-pipeline/proto/mq.pb.go:995.2,995.11 1 0
telemetry-pipeline/proto/mq.pb.go:998.49,999.14 1 0
telemetry-pipeline/proto/mq.pb.go:999.14,1001.3 1 0
telemetry-pipeline/proto/mq.pb.go:1002.2,1002.11 1 0
telemetry-pipeline/proto/mq.pb.go:1012.40,1017.2 4 0
telemetry-pipeline/proto/mq.pb.go:1019.48,1021.2 1 0
telemetry-pipeline/proto/mq.pb.go:1023.46,1023.47 0 0
telemetry-pipeline/proto/mq.pb.go:1025.68,1027.14 2 0
telemetry-pipeline/proto/mq.pb.go:1027.14,1029.34 2 0
telemetry-pipeline/proto/mq.pb.go:1029.34,1031.4 1 0
telemetry-pipeline/proto/mq.pb.go:1032.3,1032.12 1 0
telemetry-pipeline/proto/mq.pb.go:1034.2,1034.24 1 0
telemetry-pipeline/proto/mq.pb.go:1038.59,1040.2 1 0
telemetry-pipeline/proto/mq.pb.go:1042.60,1043.14 1 0
telemetry-pipeline/proto/mq.pb.go:1043.14,1045.3 1 0
telemetry-pipeline/proto/mq.pb.go:1046.2,1046.12 1 0
telemetry-pipeline/proto/mq.pb.go:1057.31,1062.2 4 0
telemetry-pipeline/proto/mq.pb.go:1064.39,1066.2 1 0
telemetry-pipeline/proto/mq.pb.go:1068.37,1068.38 0 0
telemetry-pipeline/proto/mq.pb.go:1070.59,1072.14 2 0
telemetry-pipeline/proto/mq.pb.go:1072.14,1074.34 2 0
telemetry-pipeline/proto/mq.pb.go:1074.34,1076.4 1 0
telemetry-pipeline/proto/mq.pb.go:1077.3,1077.12 1 0
telemetry-pipeline/proto/mq.pb.go:1079.2,1079.24 1 0
telemetry-pipeline/proto/mq.pb.go:1083.50,1085.2 1 0
telemetry-pipeline/proto/mq.pb.go:1087.44,1088.14 1 0
telemetry-pipeline/proto/mq.pb.go:1088.14,1090.3 1 0
telemetry-pipeline/proto/mq.pb.go:1091.2,1091.10 1 0
telemetry-pipeline/proto/mq.pb.go:1094.41,1095.14 1 0
telemetry-pipeline/proto/mq.pb.go:1095.14,1097.3 1 0
telemetry-pipeline/proto/mq.pb.go:1098.2,1098.10 1 0
telemetry-pipeline/proto/mq.pb.go:1112.36,1117.2 4 0
telemetry-pipeline/proto/mq.pb.go:1119.44,1121.2 1 0
telemetry-pipeline/proto/mq.pb.go:1123.42,1123.43 0 0
telemetry-pipeline/proto/mq.pb.go:1125.64,1127.14 2 0
telemetry-pipeline/proto/mq.pb.go:1127.14,1129.34 2 0
telemetry-pipeline/proto/mq.pb.go:1129.34,1131.4 1 0
telemetry-pipeline/proto/mq.pb.go:1132.3,1132.12 1 0
telemetry-pipeline/proto/mq.pb.go:1134.2,1134.24 1 0
telemetry-pipeline/proto/mq.pb.go:1138.55,1140.2 1 0
telemetry-pipeline/proto/mq.pb.go:1142.46,1143.14 1 0
telemetry-pipeline/proto/mq.pb.go:1143.14,1145.3 1 0
telemetry-pipeline/proto/mq.pb.go:1146.2,1146.11 1 0
telemetry-pipeline/proto/mq.pb.go:1149.49,1150.14 1 0
telemetry-pipeline/proto/mq.pb.go:1150.14,1152.3 1 0
telemetry-pipeline/proto/mq.pb.go:1153.2,1153.10 1 0
telemetry-pipeline/proto/mq.pb.go:1156.50,1157.14 1 0
telemetry-pipeline/proto/mq.pb.go:1157.14,1159.3 1 0
telemetry-pipeline/proto/mq.pb.go:1160.2,1160.10 1 0
telemetry-pipeline/proto/mq.pb.go:1163.53,1164.14 1 0
telemetry-pipeline/proto/mq.pb.go:1164.14,1166.3 1 0
telemetry-pipeline/proto/mq.pb.go:1167.2,1167.12 1 0
telemetry-pipeline/proto/mq.pb.go:1170.51,1171.14 1 0
telemetry-pipeline/proto/mq.pb.go:1171.14,1173.3 1 0
telemetry-pipeline/proto/mq.pb.go:1174.2,1174.10 1 0
telemetry-pipeline/proto/mq.pb.go:1184.37,1189.2 4 0
telemetry-pipeline/proto/mq.pb.go:1191.45,1193.2 1 0
telemetry-pipeline/proto/mq.pb.go:1195.43,1195.44 0 0
telemetry-pipeline/proto/mq.pb.go:1197.65,1199.14 2 0
telemetry-pipeline/proto/mq.pb.go:1199.14,1201.34 2 0
telemetry-pipeline/proto/mq.pb.go:1201.34,1203.4 1 0
telemetry-pipeline/proto/mq.pb.go:1204.3,1204.12 1 0
telemetry-pipeline/proto/mq.pb.go:1206.2,1206.24 1 0
telemetry-pipeline/proto/mq.pb.go:1210.56,1212.2 1 0
telemetry-pipeline/proto/mq.pb.go:1214.51,1215.14 1 0
telemetry-pipeline/proto/mq.pb.go:1215.14,1217.3 1 0
telemetry-pipeline/proto/mq.pb.go:1218.2,1218.10 1 0
telemetry-pipeline/proto/mq.pb.go:1328.47,1329.44 1 0
telemetry-pipeline/proto/mq.pb.go:1329.44,1331.3 1 0
telemetry-pipeline/proto/mq.pb.go:1332.2,1332.40 1 0
telemetry-pipeline/proto/mq.pb.go:1395.13,1395.43 1 1
telemetry-pipeline/proto/mq.pb.go:1396.33,1397.32 1 1
telemetry-pipeline/proto/mq.pb.go:1397.32,1399.3 1 0
telemetry-pipeline/proto/mq.pb.go:1400.2,1417.35 5 1
telemetry-pipeline/proto/mq_grpc.pb.go:50.56,52.2 1 0
telemetry-pipeline/proto/mq_grpc.pb.go:54.120,58.16 4 0
telemetry-pipeline/proto/mq_grpc.pb.go:58.16,60.3 1 0
telemetry-pipeline/proto/mq_grpc.pb.go:61.2,61.17 1 0
telemetry-pipeline/proto/mq_grpc.pb.go:64.114,68.16 4 0
telemetry-pipeline/proto/mq_grpc.pb.go:68.16,70.3 1 0
telemetry-pipeline/proto/mq_grpc.pb.go:71.2,71.17 1 0
telemetry-pipeline/proto/mq_grpc.pb.go:74.123,78.16 4 0
telemetry-pipeline/proto/mq_grpc.pb.go:78.16,80.3 1 0
telemetry-pipeline/proto/mq_grpc.pb.go:81.2,81.17 1 0
telemetry-pipeline/proto/mq_grpc.pb.go:84.132,88.16 4 0
telemetry-pipeline/proto/mq_grpc.pb.go:88.16,90.3 1 0
telemetry-pipeline/proto/mq_grpc.pb.go:91.2,91.17 1 0
telemetry-pipeline/proto/mq_grpc.pb.go:94.132,98.16 4 0
telemetry-pipeline/proto/mq_grpc.pb.go:98.16,100.3 1 0
telemetry-pipeline/proto/mq_grpc.pb.go:101.2,101.17 1 0
telemetry-pipeline/proto/mq_grpc.pb.go:104.138,108.16 4 0
telemetry-pipeline/proto/mq_grpc.pb.go:108.16,110.3 1 0
telemetry-pipeline/proto/mq_grpc.pb.go:111.2,111.17 1 0
telemetry-pipeline/proto/mq_grpc.pb.go:114.135,118.16 4 0
telemetry-pipeline/proto/mq_grpc.pb.go:118.16,120.3 1 0
telemetry-pipeline/proto/mq_grpc.pb.go:121.2,121.17 1 0
telemetry-pipeline/proto/mq_grpc.pb.go:147.98,149.2 1 0
telemetry-pipeline/proto/mq_grpc.pb.go:150.92,152.2 1 0
telemetry-pipeline/proto/mq_grpc.pb.go:153.101,155.2 1 0
telemetry-pipeline/proto/mq_grpc.pb.go:156.110,158.2 1 0
telemetry-pipeline/proto/mq_grpc.pb.go:159.110,161.2 1 0
telemetry-pipeline/proto/mq_grpc.pb.go:162.116,164.2 1 0
telemetry-pipeline/proto/mq_grpc.pb.go:165.113,167.2 1 0
telemetry-pipeline/proto/mq_grpc.pb.go:168.64,168.65 0 0
telemetry-pipeline/proto/mq_grpc.pb.go:169.64,169.65 0 0
telemetry-pipeline/proto/mq_grpc.pb.go:178.62,183.59 1 0
telemetry-pipeline/proto/mq_grpc.pb.go:183.59,185.3 1 0
telemetry-pipeline/proto/mq_grpc.pb.go:186.2,186.41 1 0
telemetry-pipeline/proto/mq_grpc.pb.go:189.155,191.32 2 0
telemetry-pipeline/proto/mq_grpc.pb.go:191.32,193.3 1 0
telemetry-pipeline/proto/mq_grpc.pb.go:194.2,194.24 1 0
telemetry-pipeline/proto/mq_grpc.pb.go:194.24,196.3 1 0
telemetry-pipeline/proto/mq_grpc.pb.go:197.2,201.77 2 0
telemetry-pipeline/proto/mq_grpc.pb.go:201.77,203.3 1 0
telemetry-pipeline/proto/mq_grpc.pb.go:204.2,204.44 1 0
telemetry-pipeline/proto/mq_grpc.pb.go:207.153,209.32 2 0
telemetry-pipeline/proto/mq_grpc.pb.go:209.32,211.3 1 0
telemetry-pipeline/proto/mq_grpc.pb.go:212.2,212.24 1 0
telemetry-pipeline/proto/mq_grpc.pb.go:212.24,214.3 1 0
telemetry-pipeline/proto/mq_grpc.pb.go:215.2,219.77 2 0
telemetry-pipeline/proto/mq_grpc.pb.go:219.77,221.3 1 0
telemetry-pipeline/proto/mq_grpc.pb.go:222.2,222.44 1 0
telemetry-pipeline/proto/mq_grpc.pb.go:225.156,227.32 2 0
telemetry-pipeline/proto/mq_grpc.pb.go:227.32,229.3 1 0
telemetry-pipeline/proto/mq_grpc.pb.go:230.2,230.24 1 0
telemetry-pipeline/proto/mq_grpc.pb.go:230.24,232.3 1 0
telemetry-pipeline/proto/mq_grpc.pb.go:233.2,237.77 2 0
telemetry-pipeline/proto/mq_grpc.pb.go:237.77,239.3 1 0
telemetry-pipeline/proto/mq_grpc.pb.go:240.2,240.44 1 0
telemetry-pipeline/proto/mq_grpc.pb.go:243.159,245.32 2 0
telemetry-pipeline/proto/mq_grpc.pb.go:245.32,247.3 1 0
telemetry-pipeline/proto/mq_grpc.pb.go:248.2,248.24 1 0
telemetry-pipeline/proto/mq_grpc.pb.go:248.24,250.3 1 0
telemetry-pipeline/proto/mq_grpc.pb.go:251.2,255.77 2 0
telemetry-pipeline/proto/mq_grpc.pb.go:255.77,257.3 1 0
telemetry-pipeline/proto/mq_grpc.pb.go:258.2,258.44 1 0
telemetry-pipeline/proto/mq_grpc.pb.go:261.159,263.32 2 0
telemetry-pipeline/proto/mq_grpc.pb.go:263.32,265.3 1 0
telemetry-pipeline/proto/mq_grpc.pb.go:266.2,266.24 1 0
telemetry-pipeline/proto/mq_grpc.pb.go:266.24,268.3 1 0
telemetry-pipeline/proto/mq_grpc.pb.go:269.2,273.77 2 0
telemetry-pipeline/proto/mq_grpc.pb.go:273.77,275.3 1 0
telemetry-pipeline/proto/mq_grpc.pb.go:276.2,276.44 1 0
telemetry-pipeline/proto/mq_grpc.pb.go:279.161,281.32 2 0
telemetry-pipeline/proto/mq_grpc.pb.go:281.32,283.3 1 0
telemetry-pipeline/proto/mq_grpc.pb.go:284.2,284.24 1 0
telemetry-pipeline/proto/mq_grpc.pb.go:284.24,286.3 1 0
telemetry-pipeline/proto/mq_grpc.pb.go:287.2,291.77 2 0
telemetry-pipeline/proto/mq_grpc.pb.go:291.77,293.3 1 0
telemetry-pipeline/proto/mq_grpc.pb.go:294.2,294.44 1 0
telemetry-pipeline/proto/mq_grpc.pb.go:297.160,299.32 2 0
telemetry-pipeline/proto/mq_grpc.pb.go:299.32,301.3 1 0
telemetry-pipeline/proto/mq_grpc.pb.go:302.2,302.24 1 0
telemetry-pipeline/proto/mq_grpc.pb.go:302.24,304.3 1 0
telemetry-pipeline/proto/mq_grpc.pb.go:305.2,309.77 2 0
telemetry-pipeline/proto/mq_grpc.pb.go:309.77,311.3 1 0
telemetry-pipeline/proto/mq_grpc.pb.go:312.2,312.44 1 0
telemetry-pipeline/proto/mq_grpc.pb.go:372.72,374.2 1 0
telemetry-pipeline/proto/mq_grpc.pb.go:376.131,380.16 4 0
telemetry-pipeline/proto/mq_grpc.pb.go:380.16,382.3 1 0
telemetry-pipeline/proto/mq_grpc.pb.go:383.2,383.17 1 0
telemetry-pipeline/proto/mq_grpc.pb.go:403.109,405.2 1 0
telemetry-pipeline/proto/mq_grpc.pb.go:406.80,406.81 0 0
telemetry-pipeline/proto/mq_grpc.pb.go:407.80,407.81 0 0
telemetry-pipeline/proto/mq_grpc.pb.go:416.78,421.59 1 0
telemetry-pipeline/proto/mq_grpc.pb.go:421.59,423.3 1 0
telemetry-pipeline/proto/mq_grpc.pb.go:424.2,424.49 1 0
telemetry-pipeline/proto/mq_grpc.pb.go:427.162,429.32 2 0
telemetry-pipeline/proto/mq_grpc.pb.go:429.32,431.3 1 0
telemetry-pipeline/proto/mq_grpc.pb.go:432.2,432.24 1 0
telemetry-pipeline/proto/mq_grpc.pb.go:432.24,434.3 1 0
telemetry-pipeline/proto/mq_grpc.pb.go:435.2,439.77 2 0
telemetry-pipeline/proto/mq_grpc.pb.go:439.77,441.3 1 0
telemetry-pipeline/proto/mq_grpc.pb.go:442.2,442.44 1 0
telemetry-pipeline/proto/mq.pb.go:46.58,50.2 3 0
telemetry-pipeline/proto/mq.pb.go:52.46,54.2 1 0
telemetry-pipeline/proto/mq.pb.go:56.69,58.2 1 0
telemetry-pipeline/proto/mq.pb.go:60.57,62.2 1 0
telemetry-pipeline/proto/mq.pb.go:64.63,66.2 1 0
telemetry-pipeline/proto/mq.pb.go:69.61,71.2 1 0
telemetry-pipeline/proto/mq.pb.go:83.27,88.2 4 0
telemetry-pipeline/proto/mq.pb.go:90.35,92.2 1 0
telemetry-pipeline/proto/mq.pb.go:94.33,94.34 0 0
telemetry-pipeline/proto/mq.pb.go:96.55,98.14 2 0
telemetry-pipeline/proto/mq.pb.go:98.14,100.34 2 0
telemetry-pipeline/proto/mq.pb.go:100.34,102.4 1 0
telemetry-pipeline/proto/mq.pb.go:103.3,103.12 1 0
telemetry-pipeline/proto/mq.pb.go:105.2,105.24 1 0
telemetry-pipeline/proto/mq.pb.go:109.46,111.2 1 0
telemetry-pipeline/proto/mq.pb.go:113.35,114.14 1 0
telemetry-pipeline/proto/mq.pb.go:114.14,116.3 1 0
telemetry-pipeline/proto/mq.pb.go:117.2,117.12 1 0
telemetry-pipeline/proto/mq.pb.go:120.37,121.14 1 0
telemetry-pipeline/proto/mq.pb.go:121.14,123.3 1 0
telemetry-pipeline/proto/mq.pb.go:124.2,124.12 1 0
telemetry-pipeline/proto/mq.pb.go:127.42,128.14 1 0
telemetry-pipeline/proto/mq.pb.go:128.14,130.3 1 0
telemetry-pipeline/proto/mq.pb.go:131.2,131.10 1 0
telemetry-pipeline/proto/mq.pb.go:134.50,135.14 1 0
telemetry-pipeline/proto/mq.pb.go:135.14,137.3 1 0
telemetry-pipeline/proto/mq.pb.go:138.2,138.12 1 0
telemetry-pipeline/proto/mq.pb.go:151.34,156.2 4 0
telemetry-pipeline/proto/mq.pb.go:158.42,160.2 1 0
telemetry-pipeline/proto/mq.pb.go:162.40,162.41 0 0
telemetry-pipeline/proto/mq.pb.go:164.62,166.14 2 0
telemetry-pipeline/proto/mq.pb.go:166.14,168.34 2 0
telemetry-pipeline/proto/mq.pb.go:168.34,170.4 1 0
telemetry-pipeline/proto/mq.pb.go:171.3,171.12 1 0
telemetry-pipeline/proto/mq.pb.go:173.2,173.24 1 0
telemetry-pipeline/proto/mq.pb.go:177.53,179.2 1 0
[...]
telemetry-pipeline/internal/repository/repository.go:153.2,153.20 1 1
telemetry-pipeline/internal/repository/repository.go:153.20,157.3 3 1
telemetry-pipeline/internal/repository/repository.go:159.2,165.16 4 1
telemetry-pipeline/internal/repository/repository.go:165.16,167.3 1 0
telemetry-pipeline/internal/repository/repository.go:168.2,172.18 3 1
telemetry-pipeline/internal/repository/repository.go:172.18,179.17 2 1
telemetry-pipeline/internal/repository/repository.go:179.17,181.4 1 0
telemetry-pipeline/internal/repository/repository.go:182.3,183.31 2 1
telemetry-pipeline/internal/repository/repository.go:186.2,186.21 1 1
telemetry-pipeline/internal/repository/repository.go:190.25,192.2 1 1
telemetry-pipeline/internal/log/index.go:17.45,19.16 2 1
telemetry-pipeline/internal/log/index.go:19.16,21.3 1 0
telemetry-pipeline/internal/log/index.go:22.2,22.49 1 1
telemetry-pipeline/internal/log/index.go:22.49,25.3 2 0
telemetry-pipeline/internal/log/index.go:26.2,26.57 1 1
telemetry-pipeline/internal/log/index.go:29.55,30.73 1 1
telemetry-pipeline/internal/log/index.go:30.73,32.3 1 0
telemetry-pipeline/internal/log/index.go:33.2,33.70 1 1
telemetry-pipeline/internal/log/index.go:33.70,35.3 1 0
telemetry-pipeline/internal/log/index.go:36.2,36.12 1 1
telemetry-pipeline/internal/log/index.go:42.54,43.21 1 0
telemetry-pipeline/internal/log/index.go:43.21,44.42 1 0
telemetry-pipeline/internal/log/index.go:44.42,46.4 1 0
telemetry-pipeline/internal/log/index.go:48.2,50.6 3 0
telemetry-pipeline/internal/log/index.go:50.6,52.17 2 0
telemetry-pipeline/internal/log/index.go:52.17,53.9 1 0
telemetry-pipeline/internal/log/index.go:55.3,55.20 1 0
telemetry-pipeline/internal/log/index.go:55.20,56.9 1 0
telemetry-pipeline/internal/log/index.go:58.3,58.9 1 0
telemetry-pipeline/internal/log/index.go:60.2,61.19 2 0
telemetry-pipeline/internal/log/index.go:61.19,62.63 1 0
telemetry-pipeline/internal/log/index.go:62.63,64.4 1 0
telemetry-pipeline/internal/log/index.go:65.3,65.50 1 0
telemetry-pipeline/internal/log/index.go:65.50,67.4 1 0
telemetry-pipeline/internal/log/index.go:69.2,69.12 1 0
telemetry-pipeline/internal/log/index.go:72.31,72.58 1 1
telemetry-pipeline/internal/log/index.go:73.31,73.77 2 1
telemetry-pipeline/internal/log/index.go:74.31,74.78 2 1
telemetry-pipeline/internal/log/index.go:77.40,78.41 1 1
telemetry-pipeline/internal/log/index.go:78.41,80.3 1 0
telemetry-pipeline/internal/log/index.go:81.2,82.16 2 1
telemetry-pipeline/internal/log/index.go:82.16,84.3 1 0
telemetry-pipeline/internal/log/index.go:85.2,85.41 1 1
telemetry-pipeline/internal/log/index.go:89.63,90.41 1 1
telemetry-pipeline/internal/log/index.go:90.41,92.3 1 0
telemetry-pipeline/internal/log/index.go:93.2,94.16 2 1
telemetry-pipeline/internal/log/index.go:94.16,96.3 1 0
telemetry-pipeline/internal/log/index.go:97.2,98.28 2 1
telemetry-pipeline/internal/log/index.go:98.28,100.3 1 0
telemetry-pipeline/internal/log/index.go:101.2,101.75 1 1
telemetry-pipeline/internal/log/index.go:101.75,103.3 1 0
telemetry-pipeline/internal/log/index.go:104.2,105.68 2 1
telemetry-pipeline/internal/log/index.go:105.68,107.3 1 0
telemetry-pipeline/internal/log/index.go:108.2,108.23 1 1
telemetry-pipeline/internal/log/index.go:112.57,114.41 1 1
telemetry-pipeline/internal/log/index.go:114.41,115.39 1 0
telemetry-pipeline/internal/log/index.go:115.39,115.59 1 0
telemetry-pipeline/internal/log/index.go:117.2,117.56 1 1
telemetry-pipeline/internal/log/index.go:117.56,118.39 1 0
telemetry-pipeline/internal/log/index.go:118.39,118.59 1 0
telemetry-pipeline/internal/log/index.go:120.2,121.38 2 1
telemetry-pipeline/internal/log/index.go:121.38,123.65 2 1
telemetry-pipeline/internal/log/index.go:123.65,127.4 1 1
telemetry-pipeline/internal/log/index.go:128.3,128.65 1 1
telemetry-pipeline/internal/log/index.go:128.65,130.4 1 0
telemetry-pipeline/internal/log/index.go:131.3,131.23 1 1
telemetry-pipeline/internal/log/logger.go:15.30,16.17 1 0
telemetry-pipeline/internal/log/logger.go:16.17,24.17 8 0
telemetry-pipeline/internal/log/logger.go:24.17,25.14 1 0
telemetry-pipeline/internal/log/logger.go:27.3,27.13 1 0
telemetry-pipeline/internal/log/logger.go:29.2,29.15 1 0
telemetry-pipeline/internal/log/partition_log.go:31.95,32.47 1 1
telemetry-pipeline/internal/log/partition_log.go:32.47,34.3 1 0
telemetry-pipeline/internal/log/partition_log.go:35.2,36.34 2 1
telemetry-pipeline/internal/log/partition_log.go:36.34,38.3 1 0
telemetry-pipeline/internal/log/partition_log.go:39.2,39.27 1 1
telemetry-pipeline/internal/log/partition_log.go:39.27,40.36 1 1
telemetry-pipeline/internal/log/partition_log.go:40.36,42.4 1 0
telemetry-pipeline/internal/log/partition_log.go:45.2,45.48 1 1
telemetry-pipeline/internal/log/partition_log.go:45.48,47.3 1 0
telemetry-pipeline/internal/log/partition_log.go:48.2,48.16 1 1
telemetry-pipeline/internal/log/partition_log.go:51.43,53.2 1 1
telemetry-pipeline/internal/log/partition_log.go:56.46,60.2 3 1
telemetry-pipeline/internal/log/partition_log.go:129.37,132.16 2 1
telemetry-pipeline/internal/log/partition_log.go:132.16,134.3 1 0
telemetry-pipeline/internal/log/partition_log.go:136.2,147.26 6 1
telemetry-pipeline/internal/log/partition_log.go:147.26,150.74 2 1
telemetry-pipeline/internal/log/partition_log.go:150.74,151.12 1 0
telemetry-pipeline/internal/log/partition_log.go:153.3,153.60 1 1
telemetry-pipeline/internal/log/partition_log.go:157.2,157.42 1 1
telemetry-pipeline/internal/log/partition_log.go:157.42,157.86 1 1
telemetry-pipeline/internal/log/partition_log.go:160.2,160.28 1 1
telemetry-pipeline/internal/log/partition_log.go:160.28,162.17 2 1
telemetry-pipeline/internal/log/partition_log.go:162.17,164.4 1 0
telemetry-pipeline/internal/log/partition_log.go:165.3,167.17 3 1
telemetry-pipeline/internal/log/partition_log.go:167.17,170.4 2 0
telemetry-pipeline/internal/log/partition_log.go:172.3,173.17 2 1
telemetry-pipeline/internal/log/partition_log.go:173.17,177.4 3 0
telemetry-pipeline/internal/log/partition_log.go:178.3,182.48 4 1
telemetry-pipeline/internal/log/partition_log.go:186.2,187.25 2 1
telemetry-pipeline/internal/log/partition_log.go:187.25,188.43 1 1
telemetry-pipeline/internal/log/partition_log.go:188.43,192.38 3 1
telemetry-pipeline/internal/log/partition_log.go:192.38,194.5 1 0
telemetry-pipeline/internal/log/partition_log.go:196.4,200.8 4 1
telemetry-pipeline/internal/log/partition_log.go:200.8,202.19 2 1
telemetry-pipeline/internal/log/partition_log.go:202.19,203.11 1 1
telemetry-pipeline/internal/log/partition_log.go:205.5,206.20 2 1
telemetry-pipeline/internal/log/partition_log.go:206.20,213.76 2 0
telemetry-pipeline/internal/log/partition_log.go:213.76,215.7 1 0
telemetry-pipeline/internal/log/partition_log.go:216.6,217.11 2 0
telemetry-pipeline/internal/log/partition_log.go:219.5,221.15 3 1
telemetry-pipeline/internal/log/partition_log.go:223.4,223.17 1 1
telemetry-pipeline/internal/log/partition_log.go:223.17,224.10 1 0
telemetry-pipeline/internal/log/partition_log.go:230.2,230.25 1 1
telemetry-pipeline/internal/log/partition_log.go:230.25,232.33 2 1
telemetry-pipeline/internal/log/partition_log.go:232.33,234.18 2 1
telemetry-pipeline/internal/log/partition_log.go:234.18,236.5 1 0
telemetry-pipeline/internal/log/partition_log.go:237.4,237.26 1 1
telemetry-pipeline/internal/log/partition_log.go:237.26,239.5 1 1
telemetry-pipeline/internal/log/partition_log.go:241.3,241.18 1 1
telemetry-pipeline/internal/log/partition_log.go:241.18,244.4 2 1
telemetry-pipeline/internal/log/partition_log.go:244.9,248.4 3 0
telemetry-pipeline/internal/log/partition_log.go:249.8,252.3 2 1
telemetry-pipeline/internal/log/partition_log.go:254.2,260.12 2 1
telemetry-pipeline/internal/log/partition_log.go:263.47,269.16 4 1
telemetry-pipeline/internal/log/partition_log.go:269.16,271.3 1 0
telemetry-pipeline/internal/log/partition_log.go:272.2,273.16 2 1
telemetry-pipeline/internal/log/partition_log.go:273.16,276.3 2 0
telemetry-pipeline/internal/log/partition_log.go:277.2,280.12 4 1
telemetry-pipeline/internal/log/partition_log.go:430.76,434.23 3 1
telemetry-pipeline/internal/log/partition_log.go:434.23,436.3 1 1
telemetry-pipeline/internal/log/partition_log.go:437.2,437.26 1 1
telemetry-pipeline/internal/log/partition_log.go:437.26,438.35 1 0
telemetry-pipeline/internal/log/partition_log.go:438.35,440.4 1 0
telemetry-pipeline/internal/log/partition_log.go:443.2,458.30 7 1
telemetry-pipeline/internal/log/partition_log.go:458.30,468.17 4 1
telemetry-pipeline/internal/log/partition_log.go:468.17,470.21 1 1
telemetry-pipeline/internal/log/partition_log.go:470.21,472.38 1 1
telemetry-pipeline/internal/log/partition_log.go:472.38,474.6 1 0
telemetry-pipeline/internal/log/partition_log.go:475.5,475.37 1 1
telemetry-pipeline/internal/log/partition_log.go:475.37,477.6 1 0
telemetry-pipeline/internal/log/partition_log.go:478.5,478.38 1 1
telemetry-pipeline/internal/log/partition_log.go:478.38,480.6 1 0
telemetry-pipeline/internal/log/partition_log.go:481.5,481.37 1 1
telemetry-pipeline/internal/log/partition_log.go:481.37,483.6 1 0
telemetry-pipeline/internal/log/partition_log.go:485.5,485.44 1 1
telemetry-pipeline/internal/log/partition_log.go:485.44,487.6 1 0
telemetry-pipeline/internal/log/partition_log.go:488.5,493.19 5 1
telemetry-pipeline/internal/log/partition_log.go:493.19,495.6 1 0
telemetry-pipeline/internal/log/partition_log.go:496.10,498.5 1 0
telemetry-pipeline/internal/log/partition_log.go:502.3,512.17 3 1
telemetry-pipeline/internal/log/partition_log.go:516.2,517.28 2 1
telemetry-pipeline/internal/log/partition_log.go:517.28,518.34 1 1
telemetry-pipeline/internal/log/partition_log.go:518.34,519.12 1 1
telemetry-pipeline/internal/log/partition_log.go:521.3,521.39 1 1
telemetry-pipeline/internal/log/partition_log.go:521.39,523.4 1 0
telemetry-pipeline/internal/log/partition_log.go:524.3,524.38 1 1
telemetry-pipeline/internal/log/partition_log.go:524.38,526.4 1 0
telemetry-pipeline/internal/log/partition_log.go:527.3,527.30 1 1
telemetry-pipeline/internal/log/partition_log.go:531.2,531.28 1 1
telemetry-pipeline/internal/log/partition_log.go:531.28,532.52 1 1
telemetry-pipeline/internal/log/partition_log.go:532.52,534.4 1 0
telemetry-pipeline/internal/log/partition_log.go:538.2,539.28 2 1
telemetry-pipeline/internal/log/partition_log.go:539.28,540.34 1 1
telemetry-pipeline/internal/log/partition_log.go:540.34,541.12 1 1
telemetry-pipeline/internal/log/partition_log.go:543.3,543.39 1 1
telemetry-pipeline/internal/log/partition_log.go:543.39,545.4 1 0
telemetry-pipeline/internal/log/partition_log.go:546.3,546.38 1 1
telemetry-pipeline/internal/log/partition_log.go:546.38,548.4 1 0
telemetry-pipeline/internal/log/partition_log.go:549.3,549.30 1 1
telemetry-pipeline/internal/log/partition_log.go:553.2,555.37 2 1
telemetry-pipeline/internal/log/partition_log.go:563.106,567.23 3 0
telemetry-pipeline/internal/log/partition_log.go:567.23,569.3 1 0
telemetry-pipeline/internal/log/partition_log.go:570.2,570.26 1 0
telemetry-pipeline/internal/log/partition_log.go:570.26,571.46 1 0
telemetry-pipeline/internal/log/partition_log.go:571.46,573.4 1 0
telemetry-pipeline/internal/log/partition_log.go:576.2,580.30 4 0
telemetry-pipeline/internal/log/partition_log.go:580.30,583.20 3 0
telemetry-pipeline/internal/log/partition_log.go:583.20,587.47 3 0
telemetry-pipeline/internal/log/partition_log.go:587.47,589.5 1 0
telemetry-pipeline/internal/log/partition_log.go:590.4,593.47 4 0
telemetry-pipeline/internal/log/partition_log.go:593.47,595.5 1 0
telemetry-pipeline/internal/log/partition_log.go:596.9,596.24 1 0
telemetry-pipeline/internal/log/partition_log.go:596.24,598.4 1 0
telemetry-pipeline/internal/log/partition_log.go:601.3,601.63 1 0
telemetry-pipeline/internal/log/partition_log.go:601.63,603.4 1 0
telemetry-pipeline/internal/log/partition_log.go:605.3,606.17 2 0
telemetry-pipeline/internal/log/partition_log.go:609.2,612.37 4 0
telemetry-pipeline/internal/log/partition_log.go:624.88,629.16 4 0
telemetry-pipeline/internal/log/partition_log.go:629.16,631.3 1 0
telemetry-pipeline/internal/log/partition_log.go:632.2,632.17 1 0
telemetry-pipeline/internal/log/partition_log.go:632.17,634.3 1 0
telemetry-pipeline/internal/log/partition_log.go:635.2,635.26 1 0
telemetry-pipeline/internal/log/partition_log.go:635.26,637.3 1 0
telemetry-pipeline/internal/log/partition_log.go:640.2,641.47 2 0
telemetry-pipeline/internal/log/partition_log.go:641.47,642.33 1 0
telemetry-pipeline/internal/log/partition_log.go:642.33,644.9 2 0
telemetry-pipeline/internal/log/partition_log.go:649.2,650.49 2 0
telemetry-pipeline/internal/log/partition_log.go:650.49,659.7 6 0
telemetry-pipeline/internal/log/partition_log.go:659.7,661.18 2 0
telemetry-pipeline/internal/log/partition_log.go:661.18,663.10 1 0
telemetry-pipeline/internal/log/partition_log.go:665.4,665.20 1 0
telemetry-pipeline/internal/log/partition_log.go:665.20,666.13 1 0
telemetry-pipeline/internal/log/partition_log.go:669.4,669.16 1 0
telemetry-pipeline/internal/log/partition_log.go:669.16,672.10 1 0
telemetry-pipeline/internal/log/partition_log.go:674.4,675.18 2 0
telemetry-pipeline/internal/log/partition_log.go:675.18,679.10 1 0
telemetry-pipeline/internal/log/partition_log.go:681.4,682.34 2 0
telemetry-pipeline/internal/log/partition_log.go:682.34,684.5 1 0
telemetry-pipeline/internal/log/partition_log.go:688.2,688.21 1 0
telemetry-pipeline/internal/log/partition_log.go:695.85,700.16 4 1
telemetry-pipeline/internal/log/partition_log.go:700.16,702.3 1 0
telemetry-pipeline/internal/log/partition_log.go:703.2,703.17 1 1
telemetry-pipeline/internal/log/partition_log.go:703.17,708.3 2 1
telemetry-pipeline/internal/log/partition_log.go:710.2,715.47 4 1
telemetry-pipeline/internal/log/partition_log.go:715.47,716.33 1 1
telemetry-pipeline/internal/log/partition_log.go:716.33,718.9 2 1
telemetry-pipeline/internal/log/partition_log.go:722.2,722.49 1 1
telemetry-pipeline/internal/log/partition_log.go:722.49,731.7 6 1
telemetry-pipeline/internal/log/partition_log.go:731.7,733.18 2 1
telemetry-pipeline/internal/log/partition_log.go:733.18,735.10 1 1
telemetry-pipeline/internal/log/partition_log.go:737.4,737.20 1 1
telemetry-pipeline/internal/log/partition_log.go:737.20,738.13 1 1
telemetry-pipeline/internal/log/partition_log.go:741.4,741.16 1 1
telemetry-pipeline/internal/log/partition_log.go:741.16,743.5 1 0
telemetry-pipeline/internal/log/partition_log.go:744.4,745.19 2 1
telemetry-pipeline/internal/log/partition_log.go:745.19,749.5 2 0
telemetry-pipeline/internal/log/partition_log.go:750.4,751.21 2 1
telemetry-pipeline/internal/log/partition_log.go:751.21,753.23 2 1
telemetry-pipeline/internal/log/partition_log.go:753.23,755.6 1 1
telemetry-pipeline/internal/log/partition_log.go:760.2,760.21 1 1
telemetry-pipeline/internal/log/partition_log.go:765.51,769.26 3 1
telemetry-pipeline/internal/log/partition_log.go:769.26,773.3 3 0
telemetry-pipeline/internal/log/partition_log.go:775.2,785.6 8 1
telemetry-pipeline/internal/log/partition_log.go:785.6,787.17 2 1
telemetry-pipeline/internal/log/partition_log.go:787.17,788.9 1 1
telemetry-pipeline/internal/log/partition_log.go:791.3,792.21 2 1
telemetry-pipeline/internal/log/partition_log.go:792.21,795.4 1 0
telemetry-pipeline/internal/log/partition_log.go:796.3,796.18 1 1
telemetry-pipeline/internal/log/partition_log.go:796.18,799.4 1 0
telemetry-pipeline/internal/log/partition_log.go:802.3,803.43 2 1
telemetry-pipeline/internal/log/partition_log.go:807.2,807.22 1 1
telemetry-pipeline/internal/log/partition_log.go:807.22,810.3 2 1
telemetry-pipeline/internal/log/partition_log.go:810.8,814.3 2 1
telemetry-pipeline/internal/log/partition_log.go:816.2,816.12 1 1
telemetry-pipeline/internal/log/partition_log.go:821.89,824.21 1 0
telemetry-pipeline/internal/log/partition_log.go:824.21,825.29 1 0
telemetry-pipeline/internal/log/partition_log.go:825.29,828.4 2 0
telemetry-pipeline/internal/log/partition_log.go:830.3,830.26 1 0
telemetry-pipeline/internal/log/partition_log.go:830.26,833.4 2 0
telemetry-pipeline/internal/log/partition_log.go:834.3,836.13 3 0
telemetry-pipeline/internal/log/partition_log.go:840.2,840.63 1 0
telemetry-pipeline/internal/log/partition_log.go:840.63,842.3 1 0
telemetry-pipeline/internal/log/partition_log.go:845.2,846.67 2 0
telemetry-pipeline/internal/log/partition_log.go:846.67,848.3 1 0
telemetry-pipeline/internal/log/partition_log.go:851.2,851.48 1 0
telemetry-pipeline/internal/log/partition_log.go:851.48,854.3 2 0
telemetry-pipeline/internal/log/partition_log.go:857.2,863.12 5 0
telemetry-pipeline/internal/log/partition_log.go:866.38,870.33 4 1
telemetry-pipeline/internal/log/partition_log.go:870.33,871.52 1 1
telemetry-pipeline/internal/log/partition_log.go:871.52,873.4 1 0
telemetry-pipeline/internal/log/partition_log.go:874.3,874.51 1 1
telemetry-pipeline/internal/log/partition_log.go:874.51,876.4 1 1
telemetry-pipeline/internal/log/partition_log.go:877.3,877.52 1 1
telemetry-pipeline/internal/log/partition_log.go:877.52,879.4 1 0
telemetry-pipeline/internal/log/partition_log.go:881.2,881.32 1 1
telemetry-pipeline/internal/log/partition_log.go:881.32,882.52 1 1
telemetry-pipeline/internal/log/partition_log.go:882.52,884.4 1 0
telemetry-pipeline/internal/log/partition_log.go:885.3,885.51 1 1
telemetry-pipeline/internal/log/partition_log.go:885.51,887.4 1 0
telemetry-pipeline/internal/log/partition_log.go:888.3,888.52 1 1
telemetry-pipeline/internal/log/partition_log.go:888.52,890.4 1 0
telemetry-pipeline/internal/log/partition_log.go:892.2,892.17 1 1
telemetry-pipeline/internal/log/segment.go:20.77,22.16 2 1
telemetry-pipeline/internal/log/segment.go:22.16,24.3 1 0
telemetry-pipeline/internal/log/segment.go:25.2,25.49 1 1
telemetry-pipeline/internal/log/segment.go:25.49,28.3 2 0
telemetry-pipeline/internal/log/segment.go:29.2,37.15 4 1
telemetry-pipeline/internal/log/segment.go:40.56,42.51 1 1
telemetry-pipeline/internal/log/segment.go:42.51,44.3 1 1
telemetry-pipeline/internal/log/segment.go:45.2,46.86 2 1
telemetry-pipeline/internal/log/segment.go:46.86,48.3 1 0
telemetry-pipeline/internal/log/segment.go:49.2,50.16 2 1
telemetry-pipeline/internal/log/segment.go:50.16,52.3 1 0
telemetry-pipeline/internal/log/segment.go:53.2,55.20 3 1
telemetry-pipeline/internal/log/segment.go:60.46,61.21 1 0
telemetry-pipeline/internal/log/segment.go:61.21,62.42 1 0
telemetry-pipeline/internal/log/segment.go:62.42,64.4 1 0
telemetry-pipeline/internal/log/segment.go:67.2,67.19 1 0
telemetry-pipeline/internal/log/segment.go:67.19,68.60 1 0
telemetry-pipeline/internal/log/segment.go:68.60,70.4 1 0
telemetry-pipeline/internal/log/segment.go:71.3,71.47 1 0
telemetry-pipeline/internal/log/segment.go:71.47,73.4 1 0
telemetry-pipeline/internal/log/segment.go:75.2,77.12 2 0
telemetry-pipeline/internal/log/segment.go:80.38,80.61 1 0
telemetry-pipeline/internal/log/segment.go:82.33,82.60 1 1
telemetry-pipeline/internal/log/segment.go:83.33,83.79 2 1
telemetry-pipeline/internal/log/segment.go:84.33,84.80 2 1
telemetry-pipeline/internal/log/segment.go:86.60,88.25 1 1
telemetry-pipeline/internal/log/segment.go:88.25,90.3 1 0
telemetry-pipeline/internal/log/segment.go:91.2,91.58 1 1
telemetry-pipeline/internal/log/segment.go:91.58,93.3 1 0
telemetry-pipeline/internal/log/segment.go:94.2,95.66 2 1
telemetry-pipeline/internal/log/segment.go:95.66,97.3 1 0
telemetry-pipeline/internal/log/segment.go:98.2,98.34 1 1
telemetry-pipeline/internal/log/segment.go:98.34,101.3 1 0
telemetry-pipeline/internal/log/segment.go:102.2,104.16 3 1
telemetry-pipeline/internal/log/segment.go:104.16,106.3 1 0
telemetry-pipeline/internal/log/segment.go:107.2,107.31 1 1
telemetry-pipeline/internal/log/segment.go:110.35,112.2 1 0
telemetry-pipeline/internal/service/gpu-service.go:14.63,16.2 1 1
telemetry-pipeline/internal/service/gpu-service.go:18.97,20.2 1 1
telemetry-pipeline/internal/service/gpu-service.go:22.165,24.2 1 1
telemetry-pipeline/internal/service/gpu-service.go:26.216,28.2 1 1
